{"numTotalTestSuites":7,"numPassedTestSuites":0,"numFailedTestSuites":7,"numPendingTestSuites":0,"numTotalTests":14,"numPassedTests":0,"numFailedTests":14,"numPendingTests":0,"numTodoTests":0,"snapshot":{"added":0,"failure":false,"filesAdded":0,"filesRemoved":0,"filesRemovedList":[],"filesUnmatched":0,"filesUpdated":0,"matched":0,"total":0,"unchecked":0,"uncheckedKeysByFile":[],"unmatched":0,"updated":0,"didUpdate":false},"startTime":1761091991449,"success":false,"testResults":[{"assertionResults":[{"ancestorTitles":["TopNav Component"],"fullName":"TopNav Component renders without crashing","status":"failed","title":"renders without crashing","duration":21.83758299984038,"failureMessages":["Error: useTheme must be used within a ThemeProvider\n    at useTheme (/Users/innovars_lab/Desktop/quotefast-dashboard/contexts/ThemeContext.tsx:64:11)\n    at TopNav (/Users/innovars_lab/Desktop/quotefast-dashboard/app/dashboard/components/TopNav.tsx:18:34)\n    at renderWithHooks (/Users/innovars_lab/Desktop/quotefast-dashboard/node_modules/react-dom/cjs/react-dom.development.js:15486:18)\n    at mountIndeterminateComponent (/Users/innovars_lab/Desktop/quotefast-dashboard/node_modules/react-dom/cjs/react-dom.development.js:20103:13)\n    at beginWork (/Users/innovars_lab/Desktop/quotefast-dashboard/node_modules/react-dom/cjs/react-dom.development.js:21626:16)\n    at beginWork$1 (/Users/innovars_lab/Desktop/quotefast-dashboard/node_modules/react-dom/cjs/react-dom.development.js:27465:14)\n    at performUnitOfWork (/Users/innovars_lab/Desktop/quotefast-dashboard/node_modules/react-dom/cjs/react-dom.development.js:26599:12)\n    at workLoopSync (/Users/innovars_lab/Desktop/quotefast-dashboard/node_modules/react-dom/cjs/react-dom.development.js:26505:5)\n    at renderRootSync (/Users/innovars_lab/Desktop/quotefast-dashboard/node_modules/react-dom/cjs/react-dom.development.js:26473:7)\n    at recoverFromConcurrentError (/Users/innovars_lab/Desktop/quotefast-dashboard/node_modules/react-dom/cjs/react-dom.development.js:25889:20)","Error: useTheme must be used within a ThemeProvider\n    at useTheme (/Users/innovars_lab/Desktop/quotefast-dashboard/contexts/ThemeContext.tsx:64:11)\n    at TopNav (/Users/innovars_lab/Desktop/quotefast-dashboard/app/dashboard/components/TopNav.tsx:18:34)\n    at renderWithHooks (/Users/innovars_lab/Desktop/quotefast-dashboard/node_modules/react-dom/cjs/react-dom.development.js:15486:18)\n    at mountIndeterminateComponent (/Users/innovars_lab/Desktop/quotefast-dashboard/node_modules/react-dom/cjs/react-dom.development.js:20103:13)\n    at beginWork (/Users/innovars_lab/Desktop/quotefast-dashboard/node_modules/react-dom/cjs/react-dom.development.js:21626:16)\n    at beginWork$1 (/Users/innovars_lab/Desktop/quotefast-dashboard/node_modules/react-dom/cjs/react-dom.development.js:27465:14)\n    at performUnitOfWork (/Users/innovars_lab/Desktop/quotefast-dashboard/node_modules/react-dom/cjs/react-dom.development.js:26599:12)\n    at workLoopSync (/Users/innovars_lab/Desktop/quotefast-dashboard/node_modules/react-dom/cjs/react-dom.development.js:26505:5)\n    at renderRootSync (/Users/innovars_lab/Desktop/quotefast-dashboard/node_modules/react-dom/cjs/react-dom.development.js:26473:7)\n    at recoverFromConcurrentError (/Users/innovars_lab/Desktop/quotefast-dashboard/node_modules/react-dom/cjs/react-dom.development.js:25889:20)","Error: useTheme must be used within a ThemeProvider\n    at useTheme (/Users/innovars_lab/Desktop/quotefast-dashboard/contexts/ThemeContext.tsx:64:11)\n    at TopNav (/Users/innovars_lab/Desktop/quotefast-dashboard/app/dashboard/components/TopNav.tsx:18:34)\n    at renderWithHooks (/Users/innovars_lab/Desktop/quotefast-dashboard/node_modules/react-dom/cjs/react-dom.development.js:15486:18)\n    at mountIndeterminateComponent (/Users/innovars_lab/Desktop/quotefast-dashboard/node_modules/react-dom/cjs/react-dom.development.js:20103:13)\n    at beginWork (/Users/innovars_lab/Desktop/quotefast-dashboard/node_modules/react-dom/cjs/react-dom.development.js:21626:16)\n    at beginWork$1 (/Users/innovars_lab/Desktop/quotefast-dashboard/node_modules/react-dom/cjs/react-dom.development.js:27465:14)\n    at performUnitOfWork (/Users/innovars_lab/Desktop/quotefast-dashboard/node_modules/react-dom/cjs/react-dom.development.js:26599:12)\n    at workLoopSync (/Users/innovars_lab/Desktop/quotefast-dashboard/node_modules/react-dom/cjs/react-dom.development.js:26505:5)\n    at renderRootSync (/Users/innovars_lab/Desktop/quotefast-dashboard/node_modules/react-dom/cjs/react-dom.development.js:26473:7)\n    at recoverFromConcurrentError (/Users/innovars_lab/Desktop/quotefast-dashboard/node_modules/react-dom/cjs/react-dom.development.js:25889:20)"],"location":{"line":48,"column":3},"meta":{}},{"ancestorTitles":["TopNav Component"],"fullName":"TopNav Component displays the logo and title","status":"failed","title":"displays the logo and title","duration":3.1742079998366535,"failureMessages":["Error: useTheme must be used within a ThemeProvider\n    at useTheme (/Users/innovars_lab/Desktop/quotefast-dashboard/contexts/ThemeContext.tsx:64:11)\n    at TopNav (/Users/innovars_lab/Desktop/quotefast-dashboard/app/dashboard/components/TopNav.tsx:18:34)\n    at renderWithHooks (/Users/innovars_lab/Desktop/quotefast-dashboard/node_modules/react-dom/cjs/react-dom.development.js:15486:18)\n    at mountIndeterminateComponent (/Users/innovars_lab/Desktop/quotefast-dashboard/node_modules/react-dom/cjs/react-dom.development.js:20103:13)\n    at beginWork (/Users/innovars_lab/Desktop/quotefast-dashboard/node_modules/react-dom/cjs/react-dom.development.js:21626:16)\n    at beginWork$1 (/Users/innovars_lab/Desktop/quotefast-dashboard/node_modules/react-dom/cjs/react-dom.development.js:27465:14)\n    at performUnitOfWork (/Users/innovars_lab/Desktop/quotefast-dashboard/node_modules/react-dom/cjs/react-dom.development.js:26599:12)\n    at workLoopSync (/Users/innovars_lab/Desktop/quotefast-dashboard/node_modules/react-dom/cjs/react-dom.development.js:26505:5)\n    at renderRootSync (/Users/innovars_lab/Desktop/quotefast-dashboard/node_modules/react-dom/cjs/react-dom.development.js:26473:7)\n    at recoverFromConcurrentError (/Users/innovars_lab/Desktop/quotefast-dashboard/node_modules/react-dom/cjs/react-dom.development.js:25889:20)","Error: useTheme must be used within a ThemeProvider\n    at useTheme (/Users/innovars_lab/Desktop/quotefast-dashboard/contexts/ThemeContext.tsx:64:11)\n    at TopNav (/Users/innovars_lab/Desktop/quotefast-dashboard/app/dashboard/components/TopNav.tsx:18:34)\n    at renderWithHooks (/Users/innovars_lab/Desktop/quotefast-dashboard/node_modules/react-dom/cjs/react-dom.development.js:15486:18)\n    at mountIndeterminateComponent (/Users/innovars_lab/Desktop/quotefast-dashboard/node_modules/react-dom/cjs/react-dom.development.js:20103:13)\n    at beginWork (/Users/innovars_lab/Desktop/quotefast-dashboard/node_modules/react-dom/cjs/react-dom.development.js:21626:16)\n    at beginWork$1 (/Users/innovars_lab/Desktop/quotefast-dashboard/node_modules/react-dom/cjs/react-dom.development.js:27465:14)\n    at performUnitOfWork (/Users/innovars_lab/Desktop/quotefast-dashboard/node_modules/react-dom/cjs/react-dom.development.js:26599:12)\n    at workLoopSync (/Users/innovars_lab/Desktop/quotefast-dashboard/node_modules/react-dom/cjs/react-dom.development.js:26505:5)\n    at renderRootSync (/Users/innovars_lab/Desktop/quotefast-dashboard/node_modules/react-dom/cjs/react-dom.development.js:26473:7)\n    at recoverFromConcurrentError (/Users/innovars_lab/Desktop/quotefast-dashboard/node_modules/react-dom/cjs/react-dom.development.js:25889:20)","Error: useTheme must be used within a ThemeProvider\n    at useTheme (/Users/innovars_lab/Desktop/quotefast-dashboard/contexts/ThemeContext.tsx:64:11)\n    at TopNav (/Users/innovars_lab/Desktop/quotefast-dashboard/app/dashboard/components/TopNav.tsx:18:34)\n    at renderWithHooks (/Users/innovars_lab/Desktop/quotefast-dashboard/node_modules/react-dom/cjs/react-dom.development.js:15486:18)\n    at mountIndeterminateComponent (/Users/innovars_lab/Desktop/quotefast-dashboard/node_modules/react-dom/cjs/react-dom.development.js:20103:13)\n    at beginWork (/Users/innovars_lab/Desktop/quotefast-dashboard/node_modules/react-dom/cjs/react-dom.development.js:21626:16)\n    at beginWork$1 (/Users/innovars_lab/Desktop/quotefast-dashboard/node_modules/react-dom/cjs/react-dom.development.js:27465:14)\n    at performUnitOfWork (/Users/innovars_lab/Desktop/quotefast-dashboard/node_modules/react-dom/cjs/react-dom.development.js:26599:12)\n    at workLoopSync (/Users/innovars_lab/Desktop/quotefast-dashboard/node_modules/react-dom/cjs/react-dom.development.js:26505:5)\n    at renderRootSync (/Users/innovars_lab/Desktop/quotefast-dashboard/node_modules/react-dom/cjs/react-dom.development.js:26473:7)\n    at recoverFromConcurrentError (/Users/innovars_lab/Desktop/quotefast-dashboard/node_modules/react-dom/cjs/react-dom.development.js:25889:20)"],"location":{"line":53,"column":3},"meta":{}},{"ancestorTitles":["TopNav Component"],"fullName":"TopNav Component renders navigation links","status":"failed","title":"renders navigation links","duration":2.756709000095725,"failureMessages":["Error: useTheme must be used within a ThemeProvider\n    at useTheme (/Users/innovars_lab/Desktop/quotefast-dashboard/contexts/ThemeContext.tsx:64:11)\n    at TopNav (/Users/innovars_lab/Desktop/quotefast-dashboard/app/dashboard/components/TopNav.tsx:18:34)\n    at renderWithHooks (/Users/innovars_lab/Desktop/quotefast-dashboard/node_modules/react-dom/cjs/react-dom.development.js:15486:18)\n    at mountIndeterminateComponent (/Users/innovars_lab/Desktop/quotefast-dashboard/node_modules/react-dom/cjs/react-dom.development.js:20103:13)\n    at beginWork (/Users/innovars_lab/Desktop/quotefast-dashboard/node_modules/react-dom/cjs/react-dom.development.js:21626:16)\n    at beginWork$1 (/Users/innovars_lab/Desktop/quotefast-dashboard/node_modules/react-dom/cjs/react-dom.development.js:27465:14)\n    at performUnitOfWork (/Users/innovars_lab/Desktop/quotefast-dashboard/node_modules/react-dom/cjs/react-dom.development.js:26599:12)\n    at workLoopSync (/Users/innovars_lab/Desktop/quotefast-dashboard/node_modules/react-dom/cjs/react-dom.development.js:26505:5)\n    at renderRootSync (/Users/innovars_lab/Desktop/quotefast-dashboard/node_modules/react-dom/cjs/react-dom.development.js:26473:7)\n    at recoverFromConcurrentError (/Users/innovars_lab/Desktop/quotefast-dashboard/node_modules/react-dom/cjs/react-dom.development.js:25889:20)","Error: useTheme must be used within a ThemeProvider\n    at useTheme (/Users/innovars_lab/Desktop/quotefast-dashboard/contexts/ThemeContext.tsx:64:11)\n    at TopNav (/Users/innovars_lab/Desktop/quotefast-dashboard/app/dashboard/components/TopNav.tsx:18:34)\n    at renderWithHooks (/Users/innovars_lab/Desktop/quotefast-dashboard/node_modules/react-dom/cjs/react-dom.development.js:15486:18)\n    at mountIndeterminateComponent (/Users/innovars_lab/Desktop/quotefast-dashboard/node_modules/react-dom/cjs/react-dom.development.js:20103:13)\n    at beginWork (/Users/innovars_lab/Desktop/quotefast-dashboard/node_modules/react-dom/cjs/react-dom.development.js:21626:16)\n    at beginWork$1 (/Users/innovars_lab/Desktop/quotefast-dashboard/node_modules/react-dom/cjs/react-dom.development.js:27465:14)\n    at performUnitOfWork (/Users/innovars_lab/Desktop/quotefast-dashboard/node_modules/react-dom/cjs/react-dom.development.js:26599:12)\n    at workLoopSync (/Users/innovars_lab/Desktop/quotefast-dashboard/node_modules/react-dom/cjs/react-dom.development.js:26505:5)\n    at renderRootSync (/Users/innovars_lab/Desktop/quotefast-dashboard/node_modules/react-dom/cjs/react-dom.development.js:26473:7)\n    at recoverFromConcurrentError (/Users/innovars_lab/Desktop/quotefast-dashboard/node_modules/react-dom/cjs/react-dom.development.js:25889:20)","Error: useTheme must be used within a ThemeProvider\n    at useTheme (/Users/innovars_lab/Desktop/quotefast-dashboard/contexts/ThemeContext.tsx:64:11)\n    at TopNav (/Users/innovars_lab/Desktop/quotefast-dashboard/app/dashboard/components/TopNav.tsx:18:34)\n    at renderWithHooks (/Users/innovars_lab/Desktop/quotefast-dashboard/node_modules/react-dom/cjs/react-dom.development.js:15486:18)\n    at mountIndeterminateComponent (/Users/innovars_lab/Desktop/quotefast-dashboard/node_modules/react-dom/cjs/react-dom.development.js:20103:13)\n    at beginWork (/Users/innovars_lab/Desktop/quotefast-dashboard/node_modules/react-dom/cjs/react-dom.development.js:21626:16)\n    at beginWork$1 (/Users/innovars_lab/Desktop/quotefast-dashboard/node_modules/react-dom/cjs/react-dom.development.js:27465:14)\n    at performUnitOfWork (/Users/innovars_lab/Desktop/quotefast-dashboard/node_modules/react-dom/cjs/react-dom.development.js:26599:12)\n    at workLoopSync (/Users/innovars_lab/Desktop/quotefast-dashboard/node_modules/react-dom/cjs/react-dom.development.js:26505:5)\n    at renderRootSync (/Users/innovars_lab/Desktop/quotefast-dashboard/node_modules/react-dom/cjs/react-dom.development.js:26473:7)\n    at recoverFromConcurrentError (/Users/innovars_lab/Desktop/quotefast-dashboard/node_modules/react-dom/cjs/react-dom.development.js:25889:20)"],"location":{"line":58,"column":3},"meta":{}},{"ancestorTitles":["TopNav Component"],"fullName":"TopNav Component renders theme toggle button","status":"failed","title":"renders theme toggle button","duration":2.563207999803126,"failureMessages":["Error: useTheme must be used within a ThemeProvider\n    at useTheme (/Users/innovars_lab/Desktop/quotefast-dashboard/contexts/ThemeContext.tsx:64:11)\n    at TopNav (/Users/innovars_lab/Desktop/quotefast-dashboard/app/dashboard/components/TopNav.tsx:18:34)\n    at renderWithHooks (/Users/innovars_lab/Desktop/quotefast-dashboard/node_modules/react-dom/cjs/react-dom.development.js:15486:18)\n    at mountIndeterminateComponent (/Users/innovars_lab/Desktop/quotefast-dashboard/node_modules/react-dom/cjs/react-dom.development.js:20103:13)\n    at beginWork (/Users/innovars_lab/Desktop/quotefast-dashboard/node_modules/react-dom/cjs/react-dom.development.js:21626:16)\n    at beginWork$1 (/Users/innovars_lab/Desktop/quotefast-dashboard/node_modules/react-dom/cjs/react-dom.development.js:27465:14)\n    at performUnitOfWork (/Users/innovars_lab/Desktop/quotefast-dashboard/node_modules/react-dom/cjs/react-dom.development.js:26599:12)\n    at workLoopSync (/Users/innovars_lab/Desktop/quotefast-dashboard/node_modules/react-dom/cjs/react-dom.development.js:26505:5)\n    at renderRootSync (/Users/innovars_lab/Desktop/quotefast-dashboard/node_modules/react-dom/cjs/react-dom.development.js:26473:7)\n    at recoverFromConcurrentError (/Users/innovars_lab/Desktop/quotefast-dashboard/node_modules/react-dom/cjs/react-dom.development.js:25889:20)","Error: useTheme must be used within a ThemeProvider\n    at useTheme (/Users/innovars_lab/Desktop/quotefast-dashboard/contexts/ThemeContext.tsx:64:11)\n    at TopNav (/Users/innovars_lab/Desktop/quotefast-dashboard/app/dashboard/components/TopNav.tsx:18:34)\n    at renderWithHooks (/Users/innovars_lab/Desktop/quotefast-dashboard/node_modules/react-dom/cjs/react-dom.development.js:15486:18)\n    at mountIndeterminateComponent (/Users/innovars_lab/Desktop/quotefast-dashboard/node_modules/react-dom/cjs/react-dom.development.js:20103:13)\n    at beginWork (/Users/innovars_lab/Desktop/quotefast-dashboard/node_modules/react-dom/cjs/react-dom.development.js:21626:16)\n    at beginWork$1 (/Users/innovars_lab/Desktop/quotefast-dashboard/node_modules/react-dom/cjs/react-dom.development.js:27465:14)\n    at performUnitOfWork (/Users/innovars_lab/Desktop/quotefast-dashboard/node_modules/react-dom/cjs/react-dom.development.js:26599:12)\n    at workLoopSync (/Users/innovars_lab/Desktop/quotefast-dashboard/node_modules/react-dom/cjs/react-dom.development.js:26505:5)\n    at renderRootSync (/Users/innovars_lab/Desktop/quotefast-dashboard/node_modules/react-dom/cjs/react-dom.development.js:26473:7)\n    at recoverFromConcurrentError (/Users/innovars_lab/Desktop/quotefast-dashboard/node_modules/react-dom/cjs/react-dom.development.js:25889:20)","Error: useTheme must be used within a ThemeProvider\n    at useTheme (/Users/innovars_lab/Desktop/quotefast-dashboard/contexts/ThemeContext.tsx:64:11)\n    at TopNav (/Users/innovars_lab/Desktop/quotefast-dashboard/app/dashboard/components/TopNav.tsx:18:34)\n    at renderWithHooks (/Users/innovars_lab/Desktop/quotefast-dashboard/node_modules/react-dom/cjs/react-dom.development.js:15486:18)\n    at mountIndeterminateComponent (/Users/innovars_lab/Desktop/quotefast-dashboard/node_modules/react-dom/cjs/react-dom.development.js:20103:13)\n    at beginWork (/Users/innovars_lab/Desktop/quotefast-dashboard/node_modules/react-dom/cjs/react-dom.development.js:21626:16)\n    at beginWork$1 (/Users/innovars_lab/Desktop/quotefast-dashboard/node_modules/react-dom/cjs/react-dom.development.js:27465:14)\n    at performUnitOfWork (/Users/innovars_lab/Desktop/quotefast-dashboard/node_modules/react-dom/cjs/react-dom.development.js:26599:12)\n    at workLoopSync (/Users/innovars_lab/Desktop/quotefast-dashboard/node_modules/react-dom/cjs/react-dom.development.js:26505:5)\n    at renderRootSync (/Users/innovars_lab/Desktop/quotefast-dashboard/node_modules/react-dom/cjs/react-dom.development.js:26473:7)\n    at recoverFromConcurrentError (/Users/innovars_lab/Desktop/quotefast-dashboard/node_modules/react-dom/cjs/react-dom.development.js:25889:20)"],"location":{"line":66,"column":3},"meta":{}},{"ancestorTitles":["TopNav Component"],"fullName":"TopNav Component renders user menu button","status":"failed","title":"renders user menu button","duration":2.5171670001000166,"failureMessages":["Error: useTheme must be used within a ThemeProvider\n    at useTheme (/Users/innovars_lab/Desktop/quotefast-dashboard/contexts/ThemeContext.tsx:64:11)\n    at TopNav (/Users/innovars_lab/Desktop/quotefast-dashboard/app/dashboard/components/TopNav.tsx:18:34)\n    at renderWithHooks (/Users/innovars_lab/Desktop/quotefast-dashboard/node_modules/react-dom/cjs/react-dom.development.js:15486:18)\n    at mountIndeterminateComponent (/Users/innovars_lab/Desktop/quotefast-dashboard/node_modules/react-dom/cjs/react-dom.development.js:20103:13)\n    at beginWork (/Users/innovars_lab/Desktop/quotefast-dashboard/node_modules/react-dom/cjs/react-dom.development.js:21626:16)\n    at beginWork$1 (/Users/innovars_lab/Desktop/quotefast-dashboard/node_modules/react-dom/cjs/react-dom.development.js:27465:14)\n    at performUnitOfWork (/Users/innovars_lab/Desktop/quotefast-dashboard/node_modules/react-dom/cjs/react-dom.development.js:26599:12)\n    at workLoopSync (/Users/innovars_lab/Desktop/quotefast-dashboard/node_modules/react-dom/cjs/react-dom.development.js:26505:5)\n    at renderRootSync (/Users/innovars_lab/Desktop/quotefast-dashboard/node_modules/react-dom/cjs/react-dom.development.js:26473:7)\n    at recoverFromConcurrentError (/Users/innovars_lab/Desktop/quotefast-dashboard/node_modules/react-dom/cjs/react-dom.development.js:25889:20)","Error: useTheme must be used within a ThemeProvider\n    at useTheme (/Users/innovars_lab/Desktop/quotefast-dashboard/contexts/ThemeContext.tsx:64:11)\n    at TopNav (/Users/innovars_lab/Desktop/quotefast-dashboard/app/dashboard/components/TopNav.tsx:18:34)\n    at renderWithHooks (/Users/innovars_lab/Desktop/quotefast-dashboard/node_modules/react-dom/cjs/react-dom.development.js:15486:18)\n    at mountIndeterminateComponent (/Users/innovars_lab/Desktop/quotefast-dashboard/node_modules/react-dom/cjs/react-dom.development.js:20103:13)\n    at beginWork (/Users/innovars_lab/Desktop/quotefast-dashboard/node_modules/react-dom/cjs/react-dom.development.js:21626:16)\n    at beginWork$1 (/Users/innovars_lab/Desktop/quotefast-dashboard/node_modules/react-dom/cjs/react-dom.development.js:27465:14)\n    at performUnitOfWork (/Users/innovars_lab/Desktop/quotefast-dashboard/node_modules/react-dom/cjs/react-dom.development.js:26599:12)\n    at workLoopSync (/Users/innovars_lab/Desktop/quotefast-dashboard/node_modules/react-dom/cjs/react-dom.development.js:26505:5)\n    at renderRootSync (/Users/innovars_lab/Desktop/quotefast-dashboard/node_modules/react-dom/cjs/react-dom.development.js:26473:7)\n    at recoverFromConcurrentError (/Users/innovars_lab/Desktop/quotefast-dashboard/node_modules/react-dom/cjs/react-dom.development.js:25889:20)","Error: useTheme must be used within a ThemeProvider\n    at useTheme (/Users/innovars_lab/Desktop/quotefast-dashboard/contexts/ThemeContext.tsx:64:11)\n    at TopNav (/Users/innovars_lab/Desktop/quotefast-dashboard/app/dashboard/components/TopNav.tsx:18:34)\n    at renderWithHooks (/Users/innovars_lab/Desktop/quotefast-dashboard/node_modules/react-dom/cjs/react-dom.development.js:15486:18)\n    at mountIndeterminateComponent (/Users/innovars_lab/Desktop/quotefast-dashboard/node_modules/react-dom/cjs/react-dom.development.js:20103:13)\n    at beginWork (/Users/innovars_lab/Desktop/quotefast-dashboard/node_modules/react-dom/cjs/react-dom.development.js:21626:16)\n    at beginWork$1 (/Users/innovars_lab/Desktop/quotefast-dashboard/node_modules/react-dom/cjs/react-dom.development.js:27465:14)\n    at performUnitOfWork (/Users/innovars_lab/Desktop/quotefast-dashboard/node_modules/react-dom/cjs/react-dom.development.js:26599:12)\n    at workLoopSync (/Users/innovars_lab/Desktop/quotefast-dashboard/node_modules/react-dom/cjs/react-dom.development.js:26505:5)\n    at renderRootSync (/Users/innovars_lab/Desktop/quotefast-dashboard/node_modules/react-dom/cjs/react-dom.development.js:26473:7)\n    at recoverFromConcurrentError (/Users/innovars_lab/Desktop/quotefast-dashboard/node_modules/react-dom/cjs/react-dom.development.js:25889:20)"],"location":{"line":72,"column":3},"meta":{}},{"ancestorTitles":["TopNav Component","Theme Toggle"],"fullName":"TopNav Component Theme Toggle toggles theme when clicked","status":"failed","title":"toggles theme when clicked","duration":2.9696669997647405,"failureMessages":["Error: useTheme must be used within a ThemeProvider\n    at useTheme (/Users/innovars_lab/Desktop/quotefast-dashboard/contexts/ThemeContext.tsx:64:11)\n    at TopNav (/Users/innovars_lab/Desktop/quotefast-dashboard/app/dashboard/components/TopNav.tsx:18:34)\n    at renderWithHooks (/Users/innovars_lab/Desktop/quotefast-dashboard/node_modules/react-dom/cjs/react-dom.development.js:15486:18)\n    at mountIndeterminateComponent (/Users/innovars_lab/Desktop/quotefast-dashboard/node_modules/react-dom/cjs/react-dom.development.js:20103:13)\n    at beginWork (/Users/innovars_lab/Desktop/quotefast-dashboard/node_modules/react-dom/cjs/react-dom.development.js:21626:16)\n    at beginWork$1 (/Users/innovars_lab/Desktop/quotefast-dashboard/node_modules/react-dom/cjs/react-dom.development.js:27465:14)\n    at performUnitOfWork (/Users/innovars_lab/Desktop/quotefast-dashboard/node_modules/react-dom/cjs/react-dom.development.js:26599:12)\n    at workLoopSync (/Users/innovars_lab/Desktop/quotefast-dashboard/node_modules/react-dom/cjs/react-dom.development.js:26505:5)\n    at renderRootSync (/Users/innovars_lab/Desktop/quotefast-dashboard/node_modules/react-dom/cjs/react-dom.development.js:26473:7)\n    at recoverFromConcurrentError (/Users/innovars_lab/Desktop/quotefast-dashboard/node_modules/react-dom/cjs/react-dom.development.js:25889:20)","Error: useTheme must be used within a ThemeProvider\n    at useTheme (/Users/innovars_lab/Desktop/quotefast-dashboard/contexts/ThemeContext.tsx:64:11)\n    at TopNav (/Users/innovars_lab/Desktop/quotefast-dashboard/app/dashboard/components/TopNav.tsx:18:34)\n    at renderWithHooks (/Users/innovars_lab/Desktop/quotefast-dashboard/node_modules/react-dom/cjs/react-dom.development.js:15486:18)\n    at mountIndeterminateComponent (/Users/innovars_lab/Desktop/quotefast-dashboard/node_modules/react-dom/cjs/react-dom.development.js:20103:13)\n    at beginWork (/Users/innovars_lab/Desktop/quotefast-dashboard/node_modules/react-dom/cjs/react-dom.development.js:21626:16)\n    at beginWork$1 (/Users/innovars_lab/Desktop/quotefast-dashboard/node_modules/react-dom/cjs/react-dom.development.js:27465:14)\n    at performUnitOfWork (/Users/innovars_lab/Desktop/quotefast-dashboard/node_modules/react-dom/cjs/react-dom.development.js:26599:12)\n    at workLoopSync (/Users/innovars_lab/Desktop/quotefast-dashboard/node_modules/react-dom/cjs/react-dom.development.js:26505:5)\n    at renderRootSync (/Users/innovars_lab/Desktop/quotefast-dashboard/node_modules/react-dom/cjs/react-dom.development.js:26473:7)\n    at recoverFromConcurrentError (/Users/innovars_lab/Desktop/quotefast-dashboard/node_modules/react-dom/cjs/react-dom.development.js:25889:20)","Error: useTheme must be used within a ThemeProvider\n    at useTheme (/Users/innovars_lab/Desktop/quotefast-dashboard/contexts/ThemeContext.tsx:64:11)\n    at TopNav (/Users/innovars_lab/Desktop/quotefast-dashboard/app/dashboard/components/TopNav.tsx:18:34)\n    at renderWithHooks (/Users/innovars_lab/Desktop/quotefast-dashboard/node_modules/react-dom/cjs/react-dom.development.js:15486:18)\n    at mountIndeterminateComponent (/Users/innovars_lab/Desktop/quotefast-dashboard/node_modules/react-dom/cjs/react-dom.development.js:20103:13)\n    at beginWork (/Users/innovars_lab/Desktop/quotefast-dashboard/node_modules/react-dom/cjs/react-dom.development.js:21626:16)\n    at beginWork$1 (/Users/innovars_lab/Desktop/quotefast-dashboard/node_modules/react-dom/cjs/react-dom.development.js:27465:14)\n    at performUnitOfWork (/Users/innovars_lab/Desktop/quotefast-dashboard/node_modules/react-dom/cjs/react-dom.development.js:26599:12)\n    at workLoopSync (/Users/innovars_lab/Desktop/quotefast-dashboard/node_modules/react-dom/cjs/react-dom.development.js:26505:5)\n    at renderRootSync (/Users/innovars_lab/Desktop/quotefast-dashboard/node_modules/react-dom/cjs/react-dom.development.js:26473:7)\n    at recoverFromConcurrentError (/Users/innovars_lab/Desktop/quotefast-dashboard/node_modules/react-dom/cjs/react-dom.development.js:25889:20)"],"location":{"line":79,"column":5},"meta":{}},{"ancestorTitles":["TopNav Component","User Menu"],"fullName":"TopNav Component User Menu opens user menu when clicked","status":"failed","title":"opens user menu when clicked","duration":2.46087499987334,"failureMessages":["Error: useTheme must be used within a ThemeProvider\n    at useTheme (/Users/innovars_lab/Desktop/quotefast-dashboard/contexts/ThemeContext.tsx:64:11)\n    at TopNav (/Users/innovars_lab/Desktop/quotefast-dashboard/app/dashboard/components/TopNav.tsx:18:34)\n    at renderWithHooks (/Users/innovars_lab/Desktop/quotefast-dashboard/node_modules/react-dom/cjs/react-dom.development.js:15486:18)\n    at mountIndeterminateComponent (/Users/innovars_lab/Desktop/quotefast-dashboard/node_modules/react-dom/cjs/react-dom.development.js:20103:13)\n    at beginWork (/Users/innovars_lab/Desktop/quotefast-dashboard/node_modules/react-dom/cjs/react-dom.development.js:21626:16)\n    at beginWork$1 (/Users/innovars_lab/Desktop/quotefast-dashboard/node_modules/react-dom/cjs/react-dom.development.js:27465:14)\n    at performUnitOfWork (/Users/innovars_lab/Desktop/quotefast-dashboard/node_modules/react-dom/cjs/react-dom.development.js:26599:12)\n    at workLoopSync (/Users/innovars_lab/Desktop/quotefast-dashboard/node_modules/react-dom/cjs/react-dom.development.js:26505:5)\n    at renderRootSync (/Users/innovars_lab/Desktop/quotefast-dashboard/node_modules/react-dom/cjs/react-dom.development.js:26473:7)\n    at recoverFromConcurrentError (/Users/innovars_lab/Desktop/quotefast-dashboard/node_modules/react-dom/cjs/react-dom.development.js:25889:20)","Error: useTheme must be used within a ThemeProvider\n    at useTheme (/Users/innovars_lab/Desktop/quotefast-dashboard/contexts/ThemeContext.tsx:64:11)\n    at TopNav (/Users/innovars_lab/Desktop/quotefast-dashboard/app/dashboard/components/TopNav.tsx:18:34)\n    at renderWithHooks (/Users/innovars_lab/Desktop/quotefast-dashboard/node_modules/react-dom/cjs/react-dom.development.js:15486:18)\n    at mountIndeterminateComponent (/Users/innovars_lab/Desktop/quotefast-dashboard/node_modules/react-dom/cjs/react-dom.development.js:20103:13)\n    at beginWork (/Users/innovars_lab/Desktop/quotefast-dashboard/node_modules/react-dom/cjs/react-dom.development.js:21626:16)\n    at beginWork$1 (/Users/innovars_lab/Desktop/quotefast-dashboard/node_modules/react-dom/cjs/react-dom.development.js:27465:14)\n    at performUnitOfWork (/Users/innovars_lab/Desktop/quotefast-dashboard/node_modules/react-dom/cjs/react-dom.development.js:26599:12)\n    at workLoopSync (/Users/innovars_lab/Desktop/quotefast-dashboard/node_modules/react-dom/cjs/react-dom.development.js:26505:5)\n    at renderRootSync (/Users/innovars_lab/Desktop/quotefast-dashboard/node_modules/react-dom/cjs/react-dom.development.js:26473:7)\n    at recoverFromConcurrentError (/Users/innovars_lab/Desktop/quotefast-dashboard/node_modules/react-dom/cjs/react-dom.development.js:25889:20)","Error: useTheme must be used within a ThemeProvider\n    at useTheme (/Users/innovars_lab/Desktop/quotefast-dashboard/contexts/ThemeContext.tsx:64:11)\n    at TopNav (/Users/innovars_lab/Desktop/quotefast-dashboard/app/dashboard/components/TopNav.tsx:18:34)\n    at renderWithHooks (/Users/innovars_lab/Desktop/quotefast-dashboard/node_modules/react-dom/cjs/react-dom.development.js:15486:18)\n    at mountIndeterminateComponent (/Users/innovars_lab/Desktop/quotefast-dashboard/node_modules/react-dom/cjs/react-dom.development.js:20103:13)\n    at beginWork (/Users/innovars_lab/Desktop/quotefast-dashboard/node_modules/react-dom/cjs/react-dom.development.js:21626:16)\n    at beginWork$1 (/Users/innovars_lab/Desktop/quotefast-dashboard/node_modules/react-dom/cjs/react-dom.development.js:27465:14)\n    at performUnitOfWork (/Users/innovars_lab/Desktop/quotefast-dashboard/node_modules/react-dom/cjs/react-dom.development.js:26599:12)\n    at workLoopSync (/Users/innovars_lab/Desktop/quotefast-dashboard/node_modules/react-dom/cjs/react-dom.development.js:26505:5)\n    at renderRootSync (/Users/innovars_lab/Desktop/quotefast-dashboard/node_modules/react-dom/cjs/react-dom.development.js:26473:7)\n    at recoverFromConcurrentError (/Users/innovars_lab/Desktop/quotefast-dashboard/node_modules/react-dom/cjs/react-dom.development.js:25889:20)"],"location":{"line":93,"column":5},"meta":{}},{"ancestorTitles":["TopNav Component","User Menu"],"fullName":"TopNav Component User Menu closes user menu when clicking outside","status":"failed","title":"closes user menu when clicking outside","duration":2.3553750002756715,"failureMessages":["Error: useTheme must be used within a ThemeProvider\n    at useTheme (/Users/innovars_lab/Desktop/quotefast-dashboard/contexts/ThemeContext.tsx:64:11)\n    at TopNav (/Users/innovars_lab/Desktop/quotefast-dashboard/app/dashboard/components/TopNav.tsx:18:34)\n    at renderWithHooks (/Users/innovars_lab/Desktop/quotefast-dashboard/node_modules/react-dom/cjs/react-dom.development.js:15486:18)\n    at mountIndeterminateComponent (/Users/innovars_lab/Desktop/quotefast-dashboard/node_modules/react-dom/cjs/react-dom.development.js:20103:13)\n    at beginWork (/Users/innovars_lab/Desktop/quotefast-dashboard/node_modules/react-dom/cjs/react-dom.development.js:21626:16)\n    at beginWork$1 (/Users/innovars_lab/Desktop/quotefast-dashboard/node_modules/react-dom/cjs/react-dom.development.js:27465:14)\n    at performUnitOfWork (/Users/innovars_lab/Desktop/quotefast-dashboard/node_modules/react-dom/cjs/react-dom.development.js:26599:12)\n    at workLoopSync (/Users/innovars_lab/Desktop/quotefast-dashboard/node_modules/react-dom/cjs/react-dom.development.js:26505:5)\n    at renderRootSync (/Users/innovars_lab/Desktop/quotefast-dashboard/node_modules/react-dom/cjs/react-dom.development.js:26473:7)\n    at recoverFromConcurrentError (/Users/innovars_lab/Desktop/quotefast-dashboard/node_modules/react-dom/cjs/react-dom.development.js:25889:20)","Error: useTheme must be used within a ThemeProvider\n    at useTheme (/Users/innovars_lab/Desktop/quotefast-dashboard/contexts/ThemeContext.tsx:64:11)\n    at TopNav (/Users/innovars_lab/Desktop/quotefast-dashboard/app/dashboard/components/TopNav.tsx:18:34)\n    at renderWithHooks (/Users/innovars_lab/Desktop/quotefast-dashboard/node_modules/react-dom/cjs/react-dom.development.js:15486:18)\n    at mountIndeterminateComponent (/Users/innovars_lab/Desktop/quotefast-dashboard/node_modules/react-dom/cjs/react-dom.development.js:20103:13)\n    at beginWork (/Users/innovars_lab/Desktop/quotefast-dashboard/node_modules/react-dom/cjs/react-dom.development.js:21626:16)\n    at beginWork$1 (/Users/innovars_lab/Desktop/quotefast-dashboard/node_modules/react-dom/cjs/react-dom.development.js:27465:14)\n    at performUnitOfWork (/Users/innovars_lab/Desktop/quotefast-dashboard/node_modules/react-dom/cjs/react-dom.development.js:26599:12)\n    at workLoopSync (/Users/innovars_lab/Desktop/quotefast-dashboard/node_modules/react-dom/cjs/react-dom.development.js:26505:5)\n    at renderRootSync (/Users/innovars_lab/Desktop/quotefast-dashboard/node_modules/react-dom/cjs/react-dom.development.js:26473:7)\n    at recoverFromConcurrentError (/Users/innovars_lab/Desktop/quotefast-dashboard/node_modules/react-dom/cjs/react-dom.development.js:25889:20)","Error: useTheme must be used within a ThemeProvider\n    at useTheme (/Users/innovars_lab/Desktop/quotefast-dashboard/contexts/ThemeContext.tsx:64:11)\n    at TopNav (/Users/innovars_lab/Desktop/quotefast-dashboard/app/dashboard/components/TopNav.tsx:18:34)\n    at renderWithHooks (/Users/innovars_lab/Desktop/quotefast-dashboard/node_modules/react-dom/cjs/react-dom.development.js:15486:18)\n    at mountIndeterminateComponent (/Users/innovars_lab/Desktop/quotefast-dashboard/node_modules/react-dom/cjs/react-dom.development.js:20103:13)\n    at beginWork (/Users/innovars_lab/Desktop/quotefast-dashboard/node_modules/react-dom/cjs/react-dom.development.js:21626:16)\n    at beginWork$1 (/Users/innovars_lab/Desktop/quotefast-dashboard/node_modules/react-dom/cjs/react-dom.development.js:27465:14)\n    at performUnitOfWork (/Users/innovars_lab/Desktop/quotefast-dashboard/node_modules/react-dom/cjs/react-dom.development.js:26599:12)\n    at workLoopSync (/Users/innovars_lab/Desktop/quotefast-dashboard/node_modules/react-dom/cjs/react-dom.development.js:26505:5)\n    at renderRootSync (/Users/innovars_lab/Desktop/quotefast-dashboard/node_modules/react-dom/cjs/react-dom.development.js:26473:7)\n    at recoverFromConcurrentError (/Users/innovars_lab/Desktop/quotefast-dashboard/node_modules/react-dom/cjs/react-dom.development.js:25889:20)"],"location":{"line":104,"column":5},"meta":{}},{"ancestorTitles":["TopNav Component","User Menu"],"fullName":"TopNav Component User Menu displays user menu items when open","status":"failed","title":"displays user menu items when open","duration":2.9003750002011657,"failureMessages":["Error: useTheme must be used within a ThemeProvider\n    at useTheme (/Users/innovars_lab/Desktop/quotefast-dashboard/contexts/ThemeContext.tsx:64:11)\n    at TopNav (/Users/innovars_lab/Desktop/quotefast-dashboard/app/dashboard/components/TopNav.tsx:18:34)\n    at renderWithHooks (/Users/innovars_lab/Desktop/quotefast-dashboard/node_modules/react-dom/cjs/react-dom.development.js:15486:18)\n    at mountIndeterminateComponent (/Users/innovars_lab/Desktop/quotefast-dashboard/node_modules/react-dom/cjs/react-dom.development.js:20103:13)\n    at beginWork (/Users/innovars_lab/Desktop/quotefast-dashboard/node_modules/react-dom/cjs/react-dom.development.js:21626:16)\n    at beginWork$1 (/Users/innovars_lab/Desktop/quotefast-dashboard/node_modules/react-dom/cjs/react-dom.development.js:27465:14)\n    at performUnitOfWork (/Users/innovars_lab/Desktop/quotefast-dashboard/node_modules/react-dom/cjs/react-dom.development.js:26599:12)\n    at workLoopSync (/Users/innovars_lab/Desktop/quotefast-dashboard/node_modules/react-dom/cjs/react-dom.development.js:26505:5)\n    at renderRootSync (/Users/innovars_lab/Desktop/quotefast-dashboard/node_modules/react-dom/cjs/react-dom.development.js:26473:7)\n    at recoverFromConcurrentError (/Users/innovars_lab/Desktop/quotefast-dashboard/node_modules/react-dom/cjs/react-dom.development.js:25889:20)","Error: useTheme must be used within a ThemeProvider\n    at useTheme (/Users/innovars_lab/Desktop/quotefast-dashboard/contexts/ThemeContext.tsx:64:11)\n    at TopNav (/Users/innovars_lab/Desktop/quotefast-dashboard/app/dashboard/components/TopNav.tsx:18:34)\n    at renderWithHooks (/Users/innovars_lab/Desktop/quotefast-dashboard/node_modules/react-dom/cjs/react-dom.development.js:15486:18)\n    at mountIndeterminateComponent (/Users/innovars_lab/Desktop/quotefast-dashboard/node_modules/react-dom/cjs/react-dom.development.js:20103:13)\n    at beginWork (/Users/innovars_lab/Desktop/quotefast-dashboard/node_modules/react-dom/cjs/react-dom.development.js:21626:16)\n    at beginWork$1 (/Users/innovars_lab/Desktop/quotefast-dashboard/node_modules/react-dom/cjs/react-dom.development.js:27465:14)\n    at performUnitOfWork (/Users/innovars_lab/Desktop/quotefast-dashboard/node_modules/react-dom/cjs/react-dom.development.js:26599:12)\n    at workLoopSync (/Users/innovars_lab/Desktop/quotefast-dashboard/node_modules/react-dom/cjs/react-dom.development.js:26505:5)\n    at renderRootSync (/Users/innovars_lab/Desktop/quotefast-dashboard/node_modules/react-dom/cjs/react-dom.development.js:26473:7)\n    at recoverFromConcurrentError (/Users/innovars_lab/Desktop/quotefast-dashboard/node_modules/react-dom/cjs/react-dom.development.js:25889:20)","Error: useTheme must be used within a ThemeProvider\n    at useTheme (/Users/innovars_lab/Desktop/quotefast-dashboard/contexts/ThemeContext.tsx:64:11)\n    at TopNav (/Users/innovars_lab/Desktop/quotefast-dashboard/app/dashboard/components/TopNav.tsx:18:34)\n    at renderWithHooks (/Users/innovars_lab/Desktop/quotefast-dashboard/node_modules/react-dom/cjs/react-dom.development.js:15486:18)\n    at mountIndeterminateComponent (/Users/innovars_lab/Desktop/quotefast-dashboard/node_modules/react-dom/cjs/react-dom.development.js:20103:13)\n    at beginWork (/Users/innovars_lab/Desktop/quotefast-dashboard/node_modules/react-dom/cjs/react-dom.development.js:21626:16)\n    at beginWork$1 (/Users/innovars_lab/Desktop/quotefast-dashboard/node_modules/react-dom/cjs/react-dom.development.js:27465:14)\n    at performUnitOfWork (/Users/innovars_lab/Desktop/quotefast-dashboard/node_modules/react-dom/cjs/react-dom.development.js:26599:12)\n    at workLoopSync (/Users/innovars_lab/Desktop/quotefast-dashboard/node_modules/react-dom/cjs/react-dom.development.js:26505:5)\n    at renderRootSync (/Users/innovars_lab/Desktop/quotefast-dashboard/node_modules/react-dom/cjs/react-dom.development.js:26473:7)\n    at recoverFromConcurrentError (/Users/innovars_lab/Desktop/quotefast-dashboard/node_modules/react-dom/cjs/react-dom.development.js:25889:20)"],"location":{"line":123,"column":5},"meta":{}},{"ancestorTitles":["TopNav Component","Accessibility"],"fullName":"TopNav Component Accessibility has proper ARIA attributes","status":"failed","title":"has proper ARIA attributes","duration":2.3904160000383854,"failureMessages":["Error: useTheme must be used within a ThemeProvider\n    at useTheme (/Users/innovars_lab/Desktop/quotefast-dashboard/contexts/ThemeContext.tsx:64:11)\n    at TopNav (/Users/innovars_lab/Desktop/quotefast-dashboard/app/dashboard/components/TopNav.tsx:18:34)\n    at renderWithHooks (/Users/innovars_lab/Desktop/quotefast-dashboard/node_modules/react-dom/cjs/react-dom.development.js:15486:18)\n    at mountIndeterminateComponent (/Users/innovars_lab/Desktop/quotefast-dashboard/node_modules/react-dom/cjs/react-dom.development.js:20103:13)\n    at beginWork (/Users/innovars_lab/Desktop/quotefast-dashboard/node_modules/react-dom/cjs/react-dom.development.js:21626:16)\n    at beginWork$1 (/Users/innovars_lab/Desktop/quotefast-dashboard/node_modules/react-dom/cjs/react-dom.development.js:27465:14)\n    at performUnitOfWork (/Users/innovars_lab/Desktop/quotefast-dashboard/node_modules/react-dom/cjs/react-dom.development.js:26599:12)\n    at workLoopSync (/Users/innovars_lab/Desktop/quotefast-dashboard/node_modules/react-dom/cjs/react-dom.development.js:26505:5)\n    at renderRootSync (/Users/innovars_lab/Desktop/quotefast-dashboard/node_modules/react-dom/cjs/react-dom.development.js:26473:7)\n    at recoverFromConcurrentError (/Users/innovars_lab/Desktop/quotefast-dashboard/node_modules/react-dom/cjs/react-dom.development.js:25889:20)","Error: useTheme must be used within a ThemeProvider\n    at useTheme (/Users/innovars_lab/Desktop/quotefast-dashboard/contexts/ThemeContext.tsx:64:11)\n    at TopNav (/Users/innovars_lab/Desktop/quotefast-dashboard/app/dashboard/components/TopNav.tsx:18:34)\n    at renderWithHooks (/Users/innovars_lab/Desktop/quotefast-dashboard/node_modules/react-dom/cjs/react-dom.development.js:15486:18)\n    at mountIndeterminateComponent (/Users/innovars_lab/Desktop/quotefast-dashboard/node_modules/react-dom/cjs/react-dom.development.js:20103:13)\n    at beginWork (/Users/innovars_lab/Desktop/quotefast-dashboard/node_modules/react-dom/cjs/react-dom.development.js:21626:16)\n    at beginWork$1 (/Users/innovars_lab/Desktop/quotefast-dashboard/node_modules/react-dom/cjs/react-dom.development.js:27465:14)\n    at performUnitOfWork (/Users/innovars_lab/Desktop/quotefast-dashboard/node_modules/react-dom/cjs/react-dom.development.js:26599:12)\n    at workLoopSync (/Users/innovars_lab/Desktop/quotefast-dashboard/node_modules/react-dom/cjs/react-dom.development.js:26505:5)\n    at renderRootSync (/Users/innovars_lab/Desktop/quotefast-dashboard/node_modules/react-dom/cjs/react-dom.development.js:26473:7)\n    at recoverFromConcurrentError (/Users/innovars_lab/Desktop/quotefast-dashboard/node_modules/react-dom/cjs/react-dom.development.js:25889:20)","Error: useTheme must be used within a ThemeProvider\n    at useTheme (/Users/innovars_lab/Desktop/quotefast-dashboard/contexts/ThemeContext.tsx:64:11)\n    at TopNav (/Users/innovars_lab/Desktop/quotefast-dashboard/app/dashboard/components/TopNav.tsx:18:34)\n    at renderWithHooks (/Users/innovars_lab/Desktop/quotefast-dashboard/node_modules/react-dom/cjs/react-dom.development.js:15486:18)\n    at mountIndeterminateComponent (/Users/innovars_lab/Desktop/quotefast-dashboard/node_modules/react-dom/cjs/react-dom.development.js:20103:13)\n    at beginWork (/Users/innovars_lab/Desktop/quotefast-dashboard/node_modules/react-dom/cjs/react-dom.development.js:21626:16)\n    at beginWork$1 (/Users/innovars_lab/Desktop/quotefast-dashboard/node_modules/react-dom/cjs/react-dom.development.js:27465:14)\n    at performUnitOfWork (/Users/innovars_lab/Desktop/quotefast-dashboard/node_modules/react-dom/cjs/react-dom.development.js:26599:12)\n    at workLoopSync (/Users/innovars_lab/Desktop/quotefast-dashboard/node_modules/react-dom/cjs/react-dom.development.js:26505:5)\n    at renderRootSync (/Users/innovars_lab/Desktop/quotefast-dashboard/node_modules/react-dom/cjs/react-dom.development.js:26473:7)\n    at recoverFromConcurrentError (/Users/innovars_lab/Desktop/quotefast-dashboard/node_modules/react-dom/cjs/react-dom.development.js:25889:20)"],"location":{"line":138,"column":5},"meta":{}},{"ancestorTitles":["TopNav Component","Accessibility"],"fullName":"TopNav Component Accessibility user menu button has proper ARIA attributes","status":"failed","title":"user menu button has proper ARIA attributes","duration":3.930416999850422,"failureMessages":["Error: useTheme must be used within a ThemeProvider\n    at useTheme (/Users/innovars_lab/Desktop/quotefast-dashboard/contexts/ThemeContext.tsx:64:11)\n    at TopNav (/Users/innovars_lab/Desktop/quotefast-dashboard/app/dashboard/components/TopNav.tsx:18:34)\n    at renderWithHooks (/Users/innovars_lab/Desktop/quotefast-dashboard/node_modules/react-dom/cjs/react-dom.development.js:15486:18)\n    at mountIndeterminateComponent (/Users/innovars_lab/Desktop/quotefast-dashboard/node_modules/react-dom/cjs/react-dom.development.js:20103:13)\n    at beginWork (/Users/innovars_lab/Desktop/quotefast-dashboard/node_modules/react-dom/cjs/react-dom.development.js:21626:16)\n    at beginWork$1 (/Users/innovars_lab/Desktop/quotefast-dashboard/node_modules/react-dom/cjs/react-dom.development.js:27465:14)\n    at performUnitOfWork (/Users/innovars_lab/Desktop/quotefast-dashboard/node_modules/react-dom/cjs/react-dom.development.js:26599:12)\n    at workLoopSync (/Users/innovars_lab/Desktop/quotefast-dashboard/node_modules/react-dom/cjs/react-dom.development.js:26505:5)\n    at renderRootSync (/Users/innovars_lab/Desktop/quotefast-dashboard/node_modules/react-dom/cjs/react-dom.development.js:26473:7)\n    at recoverFromConcurrentError (/Users/innovars_lab/Desktop/quotefast-dashboard/node_modules/react-dom/cjs/react-dom.development.js:25889:20)","Error: useTheme must be used within a ThemeProvider\n    at useTheme (/Users/innovars_lab/Desktop/quotefast-dashboard/contexts/ThemeContext.tsx:64:11)\n    at TopNav (/Users/innovars_lab/Desktop/quotefast-dashboard/app/dashboard/components/TopNav.tsx:18:34)\n    at renderWithHooks (/Users/innovars_lab/Desktop/quotefast-dashboard/node_modules/react-dom/cjs/react-dom.development.js:15486:18)\n    at mountIndeterminateComponent (/Users/innovars_lab/Desktop/quotefast-dashboard/node_modules/react-dom/cjs/react-dom.development.js:20103:13)\n    at beginWork (/Users/innovars_lab/Desktop/quotefast-dashboard/node_modules/react-dom/cjs/react-dom.development.js:21626:16)\n    at beginWork$1 (/Users/innovars_lab/Desktop/quotefast-dashboard/node_modules/react-dom/cjs/react-dom.development.js:27465:14)\n    at performUnitOfWork (/Users/innovars_lab/Desktop/quotefast-dashboard/node_modules/react-dom/cjs/react-dom.development.js:26599:12)\n    at workLoopSync (/Users/innovars_lab/Desktop/quotefast-dashboard/node_modules/react-dom/cjs/react-dom.development.js:26505:5)\n    at renderRootSync (/Users/innovars_lab/Desktop/quotefast-dashboard/node_modules/react-dom/cjs/react-dom.development.js:26473:7)\n    at recoverFromConcurrentError (/Users/innovars_lab/Desktop/quotefast-dashboard/node_modules/react-dom/cjs/react-dom.development.js:25889:20)","Error: useTheme must be used within a ThemeProvider\n    at useTheme (/Users/innovars_lab/Desktop/quotefast-dashboard/contexts/ThemeContext.tsx:64:11)\n    at TopNav (/Users/innovars_lab/Desktop/quotefast-dashboard/app/dashboard/components/TopNav.tsx:18:34)\n    at renderWithHooks (/Users/innovars_lab/Desktop/quotefast-dashboard/node_modules/react-dom/cjs/react-dom.development.js:15486:18)\n    at mountIndeterminateComponent (/Users/innovars_lab/Desktop/quotefast-dashboard/node_modules/react-dom/cjs/react-dom.development.js:20103:13)\n    at beginWork (/Users/innovars_lab/Desktop/quotefast-dashboard/node_modules/react-dom/cjs/react-dom.development.js:21626:16)\n    at beginWork$1 (/Users/innovars_lab/Desktop/quotefast-dashboard/node_modules/react-dom/cjs/react-dom.development.js:27465:14)\n    at performUnitOfWork (/Users/innovars_lab/Desktop/quotefast-dashboard/node_modules/react-dom/cjs/react-dom.development.js:26599:12)\n    at workLoopSync (/Users/innovars_lab/Desktop/quotefast-dashboard/node_modules/react-dom/cjs/react-dom.development.js:26505:5)\n    at renderRootSync (/Users/innovars_lab/Desktop/quotefast-dashboard/node_modules/react-dom/cjs/react-dom.development.js:26473:7)\n    at recoverFromConcurrentError (/Users/innovars_lab/Desktop/quotefast-dashboard/node_modules/react-dom/cjs/react-dom.development.js:25889:20)"],"location":{"line":144,"column":5},"meta":{}},{"ancestorTitles":["TopNav Component","Accessibility"],"fullName":"TopNav Component Accessibility theme button has proper ARIA label","status":"failed","title":"theme button has proper ARIA label","duration":3.0253750002011657,"failureMessages":["Error: useTheme must be used within a ThemeProvider\n    at useTheme (/Users/innovars_lab/Desktop/quotefast-dashboard/contexts/ThemeContext.tsx:64:11)\n    at TopNav (/Users/innovars_lab/Desktop/quotefast-dashboard/app/dashboard/components/TopNav.tsx:18:34)\n    at renderWithHooks (/Users/innovars_lab/Desktop/quotefast-dashboard/node_modules/react-dom/cjs/react-dom.development.js:15486:18)\n    at mountIndeterminateComponent (/Users/innovars_lab/Desktop/quotefast-dashboard/node_modules/react-dom/cjs/react-dom.development.js:20103:13)\n    at beginWork (/Users/innovars_lab/Desktop/quotefast-dashboard/node_modules/react-dom/cjs/react-dom.development.js:21626:16)\n    at beginWork$1 (/Users/innovars_lab/Desktop/quotefast-dashboard/node_modules/react-dom/cjs/react-dom.development.js:27465:14)\n    at performUnitOfWork (/Users/innovars_lab/Desktop/quotefast-dashboard/node_modules/react-dom/cjs/react-dom.development.js:26599:12)\n    at workLoopSync (/Users/innovars_lab/Desktop/quotefast-dashboard/node_modules/react-dom/cjs/react-dom.development.js:26505:5)\n    at renderRootSync (/Users/innovars_lab/Desktop/quotefast-dashboard/node_modules/react-dom/cjs/react-dom.development.js:26473:7)\n    at recoverFromConcurrentError (/Users/innovars_lab/Desktop/quotefast-dashboard/node_modules/react-dom/cjs/react-dom.development.js:25889:20)","Error: useTheme must be used within a ThemeProvider\n    at useTheme (/Users/innovars_lab/Desktop/quotefast-dashboard/contexts/ThemeContext.tsx:64:11)\n    at TopNav (/Users/innovars_lab/Desktop/quotefast-dashboard/app/dashboard/components/TopNav.tsx:18:34)\n    at renderWithHooks (/Users/innovars_lab/Desktop/quotefast-dashboard/node_modules/react-dom/cjs/react-dom.development.js:15486:18)\n    at mountIndeterminateComponent (/Users/innovars_lab/Desktop/quotefast-dashboard/node_modules/react-dom/cjs/react-dom.development.js:20103:13)\n    at beginWork (/Users/innovars_lab/Desktop/quotefast-dashboard/node_modules/react-dom/cjs/react-dom.development.js:21626:16)\n    at beginWork$1 (/Users/innovars_lab/Desktop/quotefast-dashboard/node_modules/react-dom/cjs/react-dom.development.js:27465:14)\n    at performUnitOfWork (/Users/innovars_lab/Desktop/quotefast-dashboard/node_modules/react-dom/cjs/react-dom.development.js:26599:12)\n    at workLoopSync (/Users/innovars_lab/Desktop/quotefast-dashboard/node_modules/react-dom/cjs/react-dom.development.js:26505:5)\n    at renderRootSync (/Users/innovars_lab/Desktop/quotefast-dashboard/node_modules/react-dom/cjs/react-dom.development.js:26473:7)\n    at recoverFromConcurrentError (/Users/innovars_lab/Desktop/quotefast-dashboard/node_modules/react-dom/cjs/react-dom.development.js:25889:20)","Error: useTheme must be used within a ThemeProvider\n    at useTheme (/Users/innovars_lab/Desktop/quotefast-dashboard/contexts/ThemeContext.tsx:64:11)\n    at TopNav (/Users/innovars_lab/Desktop/quotefast-dashboard/app/dashboard/components/TopNav.tsx:18:34)\n    at renderWithHooks (/Users/innovars_lab/Desktop/quotefast-dashboard/node_modules/react-dom/cjs/react-dom.development.js:15486:18)\n    at mountIndeterminateComponent (/Users/innovars_lab/Desktop/quotefast-dashboard/node_modules/react-dom/cjs/react-dom.development.js:20103:13)\n    at beginWork (/Users/innovars_lab/Desktop/quotefast-dashboard/node_modules/react-dom/cjs/react-dom.development.js:21626:16)\n    at beginWork$1 (/Users/innovars_lab/Desktop/quotefast-dashboard/node_modules/react-dom/cjs/react-dom.development.js:27465:14)\n    at performUnitOfWork (/Users/innovars_lab/Desktop/quotefast-dashboard/node_modules/react-dom/cjs/react-dom.development.js:26599:12)\n    at workLoopSync (/Users/innovars_lab/Desktop/quotefast-dashboard/node_modules/react-dom/cjs/react-dom.development.js:26505:5)\n    at renderRootSync (/Users/innovars_lab/Desktop/quotefast-dashboard/node_modules/react-dom/cjs/react-dom.development.js:26473:7)\n    at recoverFromConcurrentError (/Users/innovars_lab/Desktop/quotefast-dashboard/node_modules/react-dom/cjs/react-dom.development.js:25889:20)"],"location":{"line":151,"column":5},"meta":{}},{"ancestorTitles":["TopNav Component","Navigation"],"fullName":"TopNav Component Navigation calls router.push when navigation link is clicked","status":"failed","title":"calls router.push when navigation link is clicked","duration":2.5039169997908175,"failureMessages":["Error: useTheme must be used within a ThemeProvider\n    at useTheme (/Users/innovars_lab/Desktop/quotefast-dashboard/contexts/ThemeContext.tsx:64:11)\n    at TopNav (/Users/innovars_lab/Desktop/quotefast-dashboard/app/dashboard/components/TopNav.tsx:18:34)\n    at renderWithHooks (/Users/innovars_lab/Desktop/quotefast-dashboard/node_modules/react-dom/cjs/react-dom.development.js:15486:18)\n    at mountIndeterminateComponent (/Users/innovars_lab/Desktop/quotefast-dashboard/node_modules/react-dom/cjs/react-dom.development.js:20103:13)\n    at beginWork (/Users/innovars_lab/Desktop/quotefast-dashboard/node_modules/react-dom/cjs/react-dom.development.js:21626:16)\n    at beginWork$1 (/Users/innovars_lab/Desktop/quotefast-dashboard/node_modules/react-dom/cjs/react-dom.development.js:27465:14)\n    at performUnitOfWork (/Users/innovars_lab/Desktop/quotefast-dashboard/node_modules/react-dom/cjs/react-dom.development.js:26599:12)\n    at workLoopSync (/Users/innovars_lab/Desktop/quotefast-dashboard/node_modules/react-dom/cjs/react-dom.development.js:26505:5)\n    at renderRootSync (/Users/innovars_lab/Desktop/quotefast-dashboard/node_modules/react-dom/cjs/react-dom.development.js:26473:7)\n    at recoverFromConcurrentError (/Users/innovars_lab/Desktop/quotefast-dashboard/node_modules/react-dom/cjs/react-dom.development.js:25889:20)","Error: useTheme must be used within a ThemeProvider\n    at useTheme (/Users/innovars_lab/Desktop/quotefast-dashboard/contexts/ThemeContext.tsx:64:11)\n    at TopNav (/Users/innovars_lab/Desktop/quotefast-dashboard/app/dashboard/components/TopNav.tsx:18:34)\n    at renderWithHooks (/Users/innovars_lab/Desktop/quotefast-dashboard/node_modules/react-dom/cjs/react-dom.development.js:15486:18)\n    at mountIndeterminateComponent (/Users/innovars_lab/Desktop/quotefast-dashboard/node_modules/react-dom/cjs/react-dom.development.js:20103:13)\n    at beginWork (/Users/innovars_lab/Desktop/quotefast-dashboard/node_modules/react-dom/cjs/react-dom.development.js:21626:16)\n    at beginWork$1 (/Users/innovars_lab/Desktop/quotefast-dashboard/node_modules/react-dom/cjs/react-dom.development.js:27465:14)\n    at performUnitOfWork (/Users/innovars_lab/Desktop/quotefast-dashboard/node_modules/react-dom/cjs/react-dom.development.js:26599:12)\n    at workLoopSync (/Users/innovars_lab/Desktop/quotefast-dashboard/node_modules/react-dom/cjs/react-dom.development.js:26505:5)\n    at renderRootSync (/Users/innovars_lab/Desktop/quotefast-dashboard/node_modules/react-dom/cjs/react-dom.development.js:26473:7)\n    at recoverFromConcurrentError (/Users/innovars_lab/Desktop/quotefast-dashboard/node_modules/react-dom/cjs/react-dom.development.js:25889:20)","Error: useTheme must be used within a ThemeProvider\n    at useTheme (/Users/innovars_lab/Desktop/quotefast-dashboard/contexts/ThemeContext.tsx:64:11)\n    at TopNav (/Users/innovars_lab/Desktop/quotefast-dashboard/app/dashboard/components/TopNav.tsx:18:34)\n    at renderWithHooks (/Users/innovars_lab/Desktop/quotefast-dashboard/node_modules/react-dom/cjs/react-dom.development.js:15486:18)\n    at mountIndeterminateComponent (/Users/innovars_lab/Desktop/quotefast-dashboard/node_modules/react-dom/cjs/react-dom.development.js:20103:13)\n    at beginWork (/Users/innovars_lab/Desktop/quotefast-dashboard/node_modules/react-dom/cjs/react-dom.development.js:21626:16)\n    at beginWork$1 (/Users/innovars_lab/Desktop/quotefast-dashboard/node_modules/react-dom/cjs/react-dom.development.js:27465:14)\n    at performUnitOfWork (/Users/innovars_lab/Desktop/quotefast-dashboard/node_modules/react-dom/cjs/react-dom.development.js:26599:12)\n    at workLoopSync (/Users/innovars_lab/Desktop/quotefast-dashboard/node_modules/react-dom/cjs/react-dom.development.js:26505:5)\n    at renderRootSync (/Users/innovars_lab/Desktop/quotefast-dashboard/node_modules/react-dom/cjs/react-dom.development.js:26473:7)\n    at recoverFromConcurrentError (/Users/innovars_lab/Desktop/quotefast-dashboard/node_modules/react-dom/cjs/react-dom.development.js:25889:20)"],"location":{"line":159,"column":5},"meta":{}},{"ancestorTitles":["TopNav Component","Responsive Design"],"fullName":"TopNav Component Responsive Design renders mobile menu button on small screens","status":"failed","title":"renders mobile menu button on small screens","duration":2.599999999627471,"failureMessages":["Error: useTheme must be used within a ThemeProvider\n    at useTheme (/Users/innovars_lab/Desktop/quotefast-dashboard/contexts/ThemeContext.tsx:64:11)\n    at TopNav (/Users/innovars_lab/Desktop/quotefast-dashboard/app/dashboard/components/TopNav.tsx:18:34)\n    at renderWithHooks (/Users/innovars_lab/Desktop/quotefast-dashboard/node_modules/react-dom/cjs/react-dom.development.js:15486:18)\n    at mountIndeterminateComponent (/Users/innovars_lab/Desktop/quotefast-dashboard/node_modules/react-dom/cjs/react-dom.development.js:20103:13)\n    at beginWork (/Users/innovars_lab/Desktop/quotefast-dashboard/node_modules/react-dom/cjs/react-dom.development.js:21626:16)\n    at beginWork$1 (/Users/innovars_lab/Desktop/quotefast-dashboard/node_modules/react-dom/cjs/react-dom.development.js:27465:14)\n    at performUnitOfWork (/Users/innovars_lab/Desktop/quotefast-dashboard/node_modules/react-dom/cjs/react-dom.development.js:26599:12)\n    at workLoopSync (/Users/innovars_lab/Desktop/quotefast-dashboard/node_modules/react-dom/cjs/react-dom.development.js:26505:5)\n    at renderRootSync (/Users/innovars_lab/Desktop/quotefast-dashboard/node_modules/react-dom/cjs/react-dom.development.js:26473:7)\n    at recoverFromConcurrentError (/Users/innovars_lab/Desktop/quotefast-dashboard/node_modules/react-dom/cjs/react-dom.development.js:25889:20)","Error: useTheme must be used within a ThemeProvider\n    at useTheme (/Users/innovars_lab/Desktop/quotefast-dashboard/contexts/ThemeContext.tsx:64:11)\n    at TopNav (/Users/innovars_lab/Desktop/quotefast-dashboard/app/dashboard/components/TopNav.tsx:18:34)\n    at renderWithHooks (/Users/innovars_lab/Desktop/quotefast-dashboard/node_modules/react-dom/cjs/react-dom.development.js:15486:18)\n    at mountIndeterminateComponent (/Users/innovars_lab/Desktop/quotefast-dashboard/node_modules/react-dom/cjs/react-dom.development.js:20103:13)\n    at beginWork (/Users/innovars_lab/Desktop/quotefast-dashboard/node_modules/react-dom/cjs/react-dom.development.js:21626:16)\n    at beginWork$1 (/Users/innovars_lab/Desktop/quotefast-dashboard/node_modules/react-dom/cjs/react-dom.development.js:27465:14)\n    at performUnitOfWork (/Users/innovars_lab/Desktop/quotefast-dashboard/node_modules/react-dom/cjs/react-dom.development.js:26599:12)\n    at workLoopSync (/Users/innovars_lab/Desktop/quotefast-dashboard/node_modules/react-dom/cjs/react-dom.development.js:26505:5)\n    at renderRootSync (/Users/innovars_lab/Desktop/quotefast-dashboard/node_modules/react-dom/cjs/react-dom.development.js:26473:7)\n    at recoverFromConcurrentError (/Users/innovars_lab/Desktop/quotefast-dashboard/node_modules/react-dom/cjs/react-dom.development.js:25889:20)","Error: useTheme must be used within a ThemeProvider\n    at useTheme (/Users/innovars_lab/Desktop/quotefast-dashboard/contexts/ThemeContext.tsx:64:11)\n    at TopNav (/Users/innovars_lab/Desktop/quotefast-dashboard/app/dashboard/components/TopNav.tsx:18:34)\n    at renderWithHooks (/Users/innovars_lab/Desktop/quotefast-dashboard/node_modules/react-dom/cjs/react-dom.development.js:15486:18)\n    at mountIndeterminateComponent (/Users/innovars_lab/Desktop/quotefast-dashboard/node_modules/react-dom/cjs/react-dom.development.js:20103:13)\n    at beginWork (/Users/innovars_lab/Desktop/quotefast-dashboard/node_modules/react-dom/cjs/react-dom.development.js:21626:16)\n    at beginWork$1 (/Users/innovars_lab/Desktop/quotefast-dashboard/node_modules/react-dom/cjs/react-dom.development.js:27465:14)\n    at performUnitOfWork (/Users/innovars_lab/Desktop/quotefast-dashboard/node_modules/react-dom/cjs/react-dom.development.js:26599:12)\n    at workLoopSync (/Users/innovars_lab/Desktop/quotefast-dashboard/node_modules/react-dom/cjs/react-dom.development.js:26505:5)\n    at renderRootSync (/Users/innovars_lab/Desktop/quotefast-dashboard/node_modules/react-dom/cjs/react-dom.development.js:26473:7)\n    at recoverFromConcurrentError (/Users/innovars_lab/Desktop/quotefast-dashboard/node_modules/react-dom/cjs/react-dom.development.js:25889:20)"],"location":{"line":170,"column":5},"meta":{}}],"startTime":1761094594558,"endTime":1761094594616.6,"status":"failed","message":"","name":"/Users/innovars_lab/Desktop/quotefast-dashboard/src/test/components/TopNav.test.tsx"}],"coverageMap":{"/Users/innovars_lab/Desktop/quotefast-dashboard/app/dashboard/components/TopNav.tsx":{"path":"/Users/innovars_lab/Desktop/quotefast-dashboard/app/dashboard/components/TopNav.tsx","all":false,"statementMap":{"1":{"start":{"line":2,"column":0},"end":{"line":2,"column":43}},"2":{"start":{"line":3,"column":0},"end":{"line":3,"column":43}},"3":{"start":{"line":4,"column":0},"end":{"line":4,"column":28}},"4":{"start":{"line":5,"column":0},"end":{"line":5,"column":50}},"5":{"start":{"line":6,"column":0},"end":{"line":6,"column":83}},"6":{"start":{"line":7,"column":0},"end":{"line":7,"column":39}},"7":{"start":{"line":8,"column":0},"end":{"line":8,"column":37}},"10":{"start":{"line":11,"column":0},"end":{"line":11,"column":27}},"11":{"start":{"line":12,"column":0},"end":{"line":12,"column":33}},"12":{"start":{"line":13,"column":0},"end":{"line":13,"column":39}},"13":{"start":{"line":14,"column":0},"end":{"line":14,"column":1}},"15":{"start":{"line":16,"column":0},"end":{"line":16,"column":34}},"16":{"start":{"line":17,"column":0},"end":{"line":17,"column":28}},"17":{"start":{"line":18,"column":0},"end":{"line":18,"column":43}},"18":{"start":{"line":19,"column":0},"end":{"line":19,"column":61}},"19":{"start":{"line":20,"column":0},"end":{"line":20,"column":65}},"23":{"start":{"line":24,"column":0},"end":{"line":24,"column":45}},"25":{"start":{"line":26,"column":0},"end":{"line":26,"column":50}},"26":{"start":{"line":27,"column":0},"end":{"line":27,"column":3}},"29":{"start":{"line":30,"column":0},"end":{"line":30,"column":31}},"30":{"start":{"line":31,"column":0},"end":{"line":31,"column":9}},"31":{"start":{"line":32,"column":0},"end":{"line":32,"column":19}},"32":{"start":{"line":33,"column":0},"end":{"line":33,"column":50}},"33":{"start":{"line":34,"column":0},"end":{"line":34,"column":27}},"34":{"start":{"line":35,"column":0},"end":{"line":35,"column":21}},"35":{"start":{"line":36,"column":0},"end":{"line":36,"column":45}},"36":{"start":{"line":37,"column":0},"end":{"line":37,"column":64}},"37":{"start":{"line":38,"column":0},"end":{"line":38,"column":5}},"38":{"start":{"line":39,"column":0},"end":{"line":39,"column":3}},"41":{"start":{"line":42,"column":0},"end":{"line":42,"column":34}},"42":{"start":{"line":43,"column":0},"end":{"line":43,"column":42}},"43":{"start":{"line":44,"column":0},"end":{"line":44,"column":3}},"46":{"start":{"line":47,"column":0},"end":{"line":47,"column":32}},"47":{"start":{"line":48,"column":0},"end":{"line":48,"column":38}},"48":{"start":{"line":49,"column":0},"end":{"line":49,"column":3}},"51":{"start":{"line":52,"column":0},"end":{"line":52,"column":19}},"52":{"start":{"line":53,"column":0},"end":{"line":53,"column":37}},"53":{"start":{"line":54,"column":0},"end":{"line":54,"column":30}},"54":{"start":{"line":55,"column":0},"end":{"line":55,"column":32}},"55":{"start":{"line":56,"column":0},"end":{"line":56,"column":5}},"58":{"start":{"line":59,"column":0},"end":{"line":59,"column":31}},"59":{"start":{"line":60,"column":0},"end":{"line":60,"column":30}},"60":{"start":{"line":61,"column":0},"end":{"line":61,"column":32}},"61":{"start":{"line":62,"column":0},"end":{"line":62,"column":5}},"64":{"start":{"line":65,"column":0},"end":{"line":65,"column":50}},"65":{"start":{"line":66,"column":0},"end":{"line":66,"column":40}},"66":{"start":{"line":67,"column":0},"end":{"line":67,"column":14}},"68":{"start":{"line":69,"column":0},"end":{"line":69,"column":10}},"69":{"start":{"line":70,"column":0},"end":{"line":70,"column":6}},"71":{"start":{"line":72,"column":0},"end":{"line":72,"column":111}},"72":{"start":{"line":73,"column":0},"end":{"line":73,"column":44}},"73":{"start":{"line":74,"column":0},"end":{"line":74,"column":66}},"75":{"start":{"line":76,"column":0},"end":{"line":76,"column":18}},"76":{"start":{"line":77,"column":0},"end":{"line":77,"column":32}},"77":{"start":{"line":78,"column":0},"end":{"line":78,"column":115}},"78":{"start":{"line":79,"column":0},"end":{"line":79,"column":52}},"80":{"start":{"line":81,"column":0},"end":{"line":81,"column":57}},"81":{"start":{"line":82,"column":0},"end":{"line":82,"column":59}},"82":{"start":{"line":83,"column":0},"end":{"line":83,"column":19}},"85":{"start":{"line":86,"column":0},"end":{"line":86,"column":68}},"86":{"start":{"line":87,"column":0},"end":{"line":87,"column":19}},"87":{"start":{"line":88,"column":0},"end":{"line":88,"column":33}},"88":{"start":{"line":89,"column":0},"end":{"line":89,"column":131}},"89":{"start":{"line":90,"column":0},"end":{"line":90,"column":59}},"90":{"start":{"line":91,"column":0},"end":{"line":91,"column":15}},"92":{"start":{"line":93,"column":0},"end":{"line":93,"column":21}},"93":{"start":{"line":94,"column":0},"end":{"line":94,"column":19}},"94":{"start":{"line":95,"column":0},"end":{"line":95,"column":42}},"95":{"start":{"line":96,"column":0},"end":{"line":96,"column":131}},"96":{"start":{"line":97,"column":0},"end":{"line":97,"column":58}},"97":{"start":{"line":98,"column":0},"end":{"line":98,"column":15}},"99":{"start":{"line":100,"column":0},"end":{"line":100,"column":21}},"100":{"start":{"line":101,"column":0},"end":{"line":101,"column":19}},"101":{"start":{"line":102,"column":0},"end":{"line":102,"column":41}},"102":{"start":{"line":103,"column":0},"end":{"line":103,"column":131}},"103":{"start":{"line":104,"column":0},"end":{"line":104,"column":57}},"104":{"start":{"line":105,"column":0},"end":{"line":105,"column":15}},"106":{"start":{"line":107,"column":0},"end":{"line":107,"column":21}},"107":{"start":{"line":108,"column":0},"end":{"line":108,"column":19}},"108":{"start":{"line":109,"column":0},"end":{"line":109,"column":38}},"109":{"start":{"line":110,"column":0},"end":{"line":110,"column":131}},"110":{"start":{"line":111,"column":0},"end":{"line":111,"column":54}},"111":{"start":{"line":112,"column":0},"end":{"line":112,"column":15}},"113":{"start":{"line":114,"column":0},"end":{"line":114,"column":21}},"114":{"start":{"line":115,"column":0},"end":{"line":115,"column":19}},"115":{"start":{"line":116,"column":0},"end":{"line":116,"column":42}},"116":{"start":{"line":117,"column":0},"end":{"line":117,"column":131}},"117":{"start":{"line":118,"column":0},"end":{"line":118,"column":58}},"118":{"start":{"line":119,"column":0},"end":{"line":119,"column":15}},"120":{"start":{"line":121,"column":0},"end":{"line":121,"column":21}},"121":{"start":{"line":122,"column":0},"end":{"line":122,"column":18}},"124":{"start":{"line":125,"column":0},"end":{"line":125,"column":53}},"126":{"start":{"line":127,"column":0},"end":{"line":127,"column":22}},"127":{"start":{"line":128,"column":0},"end":{"line":128,"column":100}},"128":{"start":{"line":129,"column":0},"end":{"line":129,"column":32}},"129":{"start":{"line":130,"column":0},"end":{"line":130,"column":64}},"130":{"start":{"line":131,"column":0},"end":{"line":131,"column":18}},"131":{"start":{"line":132,"column":0},"end":{"line":132,"column":38}},"133":{"start":{"line":134,"column":0},"end":{"line":134,"column":44}},"134":{"start":{"line":135,"column":0},"end":{"line":135,"column":67}},"135":{"start":{"line":136,"column":0},"end":{"line":136,"column":136}},"137":{"start":{"line":138,"column":0},"end":{"line":138,"column":23}},"138":{"start":{"line":139,"column":0},"end":{"line":139,"column":23}},"141":{"start":{"line":142,"column":0},"end":{"line":142,"column":22}},"142":{"start":{"line":143,"column":0},"end":{"line":143,"column":91}},"143":{"start":{"line":144,"column":0},"end":{"line":144,"column":32}},"144":{"start":{"line":145,"column":0},"end":{"line":145,"column":31}},"145":{"start":{"line":146,"column":0},"end":{"line":146,"column":99}},"146":{"start":{"line":147,"column":0},"end":{"line":147,"column":18}},"147":{"start":{"line":148,"column":0},"end":{"line":148,"column":43}},"149":{"start":{"line":150,"column":0},"end":{"line":150,"column":37}},"150":{"start":{"line":151,"column":0},"end":{"line":151,"column":45}},"152":{"start":{"line":153,"column":0},"end":{"line":153,"column":46}},"154":{"start":{"line":155,"column":0},"end":{"line":155,"column":23}},"157":{"start":{"line":158,"column":0},"end":{"line":158,"column":40}},"158":{"start":{"line":159,"column":0},"end":{"line":159,"column":23}},"159":{"start":{"line":160,"column":0},"end":{"line":160,"column":39}},"160":{"start":{"line":161,"column":0},"end":{"line":161,"column":117}},"161":{"start":{"line":162,"column":0},"end":{"line":162,"column":42}},"162":{"start":{"line":163,"column":0},"end":{"line":163,"column":45}},"163":{"start":{"line":164,"column":0},"end":{"line":164,"column":67}},"164":{"start":{"line":165,"column":0},"end":{"line":165,"column":38}},"166":{"start":{"line":167,"column":0},"end":{"line":167,"column":46}},"167":{"start":{"line":168,"column":0},"end":{"line":168,"column":114}},"168":{"start":{"line":169,"column":0},"end":{"line":169,"column":65}},"169":{"start":{"line":170,"column":0},"end":{"line":170,"column":25}},"172":{"start":{"line":173,"column":0},"end":{"line":173,"column":36}},"173":{"start":{"line":174,"column":0},"end":{"line":174,"column":23}},"174":{"start":{"line":175,"column":0},"end":{"line":175,"column":136}},"175":{"start":{"line":176,"column":0},"end":{"line":176,"column":31}},"176":{"start":{"line":177,"column":0},"end":{"line":177,"column":47}},"177":{"start":{"line":178,"column":0},"end":{"line":178,"column":54}},"179":{"start":{"line":180,"column":0},"end":{"line":180,"column":26}},"180":{"start":{"line":181,"column":0},"end":{"line":181,"column":48}},"181":{"start":{"line":182,"column":0},"end":{"line":182,"column":94}},"182":{"start":{"line":183,"column":0},"end":{"line":183,"column":37}},"183":{"start":{"line":184,"column":0},"end":{"line":184,"column":35}},"184":{"start":{"line":185,"column":0},"end":{"line":185,"column":38}},"185":{"start":{"line":186,"column":0},"end":{"line":186,"column":48}},"186":{"start":{"line":187,"column":0},"end":{"line":187,"column":49}},"187":{"start":{"line":188,"column":0},"end":{"line":188,"column":24}},"188":{"start":{"line":189,"column":0},"end":{"line":189,"column":21}},"190":{"start":{"line":191,"column":0},"end":{"line":191,"column":27}},"191":{"start":{"line":192,"column":0},"end":{"line":192,"column":25}},"192":{"start":{"line":193,"column":0},"end":{"line":193,"column":48}},"193":{"start":{"line":194,"column":0},"end":{"line":194,"column":94}},"194":{"start":{"line":195,"column":0},"end":{"line":195,"column":37}},"195":{"start":{"line":196,"column":0},"end":{"line":196,"column":35}},"196":{"start":{"line":197,"column":0},"end":{"line":197,"column":38}},"197":{"start":{"line":198,"column":0},"end":{"line":198,"column":48}},"198":{"start":{"line":199,"column":0},"end":{"line":199,"column":50}},"199":{"start":{"line":200,"column":0},"end":{"line":200,"column":24}},"200":{"start":{"line":201,"column":0},"end":{"line":201,"column":21}},"202":{"start":{"line":203,"column":0},"end":{"line":203,"column":27}},"203":{"start":{"line":204,"column":0},"end":{"line":204,"column":62}},"204":{"start":{"line":205,"column":0},"end":{"line":205,"column":30}},"205":{"start":{"line":206,"column":0},"end":{"line":206,"column":125}},"206":{"start":{"line":207,"column":0},"end":{"line":207,"column":39}},"207":{"start":{"line":208,"column":0},"end":{"line":208,"column":47}},"208":{"start":{"line":209,"column":0},"end":{"line":209,"column":23}},"210":{"start":{"line":211,"column":0},"end":{"line":211,"column":31}},"211":{"start":{"line":212,"column":0},"end":{"line":212,"column":26}},"212":{"start":{"line":213,"column":0},"end":{"line":213,"column":24}},"214":{"start":{"line":215,"column":0},"end":{"line":215,"column":20}},"215":{"start":{"line":216,"column":0},"end":{"line":216,"column":18}},"216":{"start":{"line":217,"column":0},"end":{"line":217,"column":16}},"217":{"start":{"line":218,"column":0},"end":{"line":218,"column":14}},"218":{"start":{"line":219,"column":0},"end":{"line":219,"column":12}},"221":{"start":{"line":222,"column":0},"end":{"line":222,"column":105}},"222":{"start":{"line":223,"column":0},"end":{"line":223,"column":44}},"223":{"start":{"line":224,"column":0},"end":{"line":224,"column":66}},"225":{"start":{"line":226,"column":0},"end":{"line":226,"column":18}},"226":{"start":{"line":227,"column":0},"end":{"line":227,"column":32}},"227":{"start":{"line":228,"column":0},"end":{"line":228,"column":78}},"228":{"start":{"line":229,"column":0},"end":{"line":229,"column":52}},"230":{"start":{"line":231,"column":0},"end":{"line":231,"column":57}},"231":{"start":{"line":232,"column":0},"end":{"line":232,"column":59}},"232":{"start":{"line":233,"column":0},"end":{"line":233,"column":19}},"235":{"start":{"line":236,"column":0},"end":{"line":236,"column":20}},"236":{"start":{"line":237,"column":0},"end":{"line":237,"column":89}},"237":{"start":{"line":238,"column":0},"end":{"line":238,"column":40}},"238":{"start":{"line":239,"column":0},"end":{"line":239,"column":43}},"240":{"start":{"line":241,"column":0},"end":{"line":241,"column":93}},"241":{"start":{"line":242,"column":0},"end":{"line":242,"column":113}},"242":{"start":{"line":243,"column":0},"end":{"line":243,"column":20}},"243":{"start":{"line":244,"column":0},"end":{"line":244,"column":21}},"244":{"start":{"line":245,"column":0},"end":{"line":245,"column":16}},"247":{"start":{"line":248,"column":0},"end":{"line":248,"column":32}},"248":{"start":{"line":249,"column":0},"end":{"line":249,"column":83}},"249":{"start":{"line":250,"column":0},"end":{"line":250,"column":63}},"250":{"start":{"line":251,"column":0},"end":{"line":251,"column":21}},"251":{"start":{"line":252,"column":0},"end":{"line":252,"column":35}},"252":{"start":{"line":253,"column":0},"end":{"line":253,"column":124}},"253":{"start":{"line":254,"column":0},"end":{"line":254,"column":34}},"254":{"start":{"line":255,"column":0},"end":{"line":255,"column":46}},"255":{"start":{"line":256,"column":0},"end":{"line":256,"column":47}},"256":{"start":{"line":257,"column":0},"end":{"line":257,"column":20}},"257":{"start":{"line":258,"column":0},"end":{"line":258,"column":17}},"259":{"start":{"line":260,"column":0},"end":{"line":260,"column":23}},"260":{"start":{"line":261,"column":0},"end":{"line":261,"column":21}},"261":{"start":{"line":262,"column":0},"end":{"line":262,"column":44}},"262":{"start":{"line":263,"column":0},"end":{"line":263,"column":124}},"263":{"start":{"line":264,"column":0},"end":{"line":264,"column":34}},"264":{"start":{"line":265,"column":0},"end":{"line":265,"column":46}},"265":{"start":{"line":266,"column":0},"end":{"line":266,"column":46}},"266":{"start":{"line":267,"column":0},"end":{"line":267,"column":20}},"267":{"start":{"line":268,"column":0},"end":{"line":268,"column":17}},"269":{"start":{"line":270,"column":0},"end":{"line":270,"column":23}},"270":{"start":{"line":271,"column":0},"end":{"line":271,"column":21}},"271":{"start":{"line":272,"column":0},"end":{"line":272,"column":43}},"272":{"start":{"line":273,"column":0},"end":{"line":273,"column":124}},"273":{"start":{"line":274,"column":0},"end":{"line":274,"column":34}},"274":{"start":{"line":275,"column":0},"end":{"line":275,"column":46}},"275":{"start":{"line":276,"column":0},"end":{"line":276,"column":45}},"276":{"start":{"line":277,"column":0},"end":{"line":277,"column":20}},"277":{"start":{"line":278,"column":0},"end":{"line":278,"column":17}},"279":{"start":{"line":280,"column":0},"end":{"line":280,"column":23}},"280":{"start":{"line":281,"column":0},"end":{"line":281,"column":21}},"281":{"start":{"line":282,"column":0},"end":{"line":282,"column":40}},"282":{"start":{"line":283,"column":0},"end":{"line":283,"column":124}},"283":{"start":{"line":284,"column":0},"end":{"line":284,"column":34}},"284":{"start":{"line":285,"column":0},"end":{"line":285,"column":46}},"285":{"start":{"line":286,"column":0},"end":{"line":286,"column":42}},"286":{"start":{"line":287,"column":0},"end":{"line":287,"column":20}},"287":{"start":{"line":288,"column":0},"end":{"line":288,"column":17}},"289":{"start":{"line":290,"column":0},"end":{"line":290,"column":23}},"290":{"start":{"line":291,"column":0},"end":{"line":291,"column":21}},"291":{"start":{"line":292,"column":0},"end":{"line":292,"column":44}},"292":{"start":{"line":293,"column":0},"end":{"line":293,"column":124}},"293":{"start":{"line":294,"column":0},"end":{"line":294,"column":34}},"294":{"start":{"line":295,"column":0},"end":{"line":295,"column":46}},"295":{"start":{"line":296,"column":0},"end":{"line":296,"column":46}},"296":{"start":{"line":297,"column":0},"end":{"line":297,"column":20}},"297":{"start":{"line":298,"column":0},"end":{"line":298,"column":17}},"299":{"start":{"line":300,"column":0},"end":{"line":300,"column":23}},"300":{"start":{"line":301,"column":0},"end":{"line":301,"column":20}},"301":{"start":{"line":302,"column":0},"end":{"line":302,"column":18}},"303":{"start":{"line":304,"column":0},"end":{"line":304,"column":14}},"304":{"start":{"line":305,"column":0},"end":{"line":305,"column":12}},"305":{"start":{"line":306,"column":0},"end":{"line":306,"column":7}},"307":{"start":{"line":308,"column":0},"end":{"line":308,"column":1}}},"s":{"1":1,"2":1,"3":1,"4":1,"5":1,"6":1,"7":1,"10":1,"11":0,"12":0,"13":0,"15":169,"16":169,"17":169,"18":169,"19":169,"23":169,"25":0,"26":0,"29":169,"30":0,"31":0,"32":0,"33":0,"34":0,"35":0,"36":0,"37":0,"38":0,"41":169,"42":0,"43":0,"46":169,"47":0,"48":0,"51":169,"52":0,"53":0,"54":0,"55":0,"58":0,"59":0,"60":0,"61":0,"64":0,"65":0,"66":169,"68":169,"69":169,"71":169,"72":169,"73":169,"75":169,"76":169,"77":169,"78":169,"80":169,"81":169,"82":169,"85":169,"86":169,"87":169,"88":169,"89":169,"90":169,"92":169,"93":169,"94":169,"95":169,"96":169,"97":169,"99":169,"100":169,"101":169,"102":169,"103":169,"104":169,"106":169,"107":169,"108":169,"109":169,"110":169,"111":169,"113":169,"114":169,"115":169,"116":169,"117":169,"118":169,"120":169,"121":169,"124":169,"126":169,"127":169,"128":169,"129":0,"130":0,"131":169,"133":169,"134":169,"135":169,"137":169,"138":169,"141":169,"142":169,"143":169,"144":0,"145":0,"146":0,"147":169,"149":169,"150":0,"152":0,"154":169,"157":169,"158":169,"159":169,"160":169,"161":169,"162":169,"163":169,"164":169,"166":169,"167":169,"168":169,"169":169,"172":169,"173":0,"174":0,"175":0,"176":0,"177":0,"179":0,"180":0,"181":0,"182":0,"183":0,"184":0,"185":0,"186":0,"187":0,"188":0,"190":0,"191":0,"192":0,"193":0,"194":0,"195":0,"196":0,"197":0,"198":0,"199":0,"200":0,"202":0,"203":0,"204":0,"205":0,"206":0,"207":0,"208":0,"210":0,"211":0,"212":0,"214":169,"215":169,"216":169,"217":169,"218":169,"221":169,"222":169,"223":169,"225":169,"226":169,"227":169,"228":169,"230":169,"231":169,"232":169,"235":169,"236":169,"237":169,"238":169,"240":169,"241":169,"242":169,"243":169,"244":169,"247":169,"248":0,"249":0,"250":0,"251":0,"252":0,"253":0,"254":0,"255":0,"256":0,"257":0,"259":0,"260":0,"261":0,"262":0,"263":0,"264":0,"265":0,"266":0,"267":0,"269":0,"270":0,"271":0,"272":0,"273":0,"274":0,"275":0,"276":0,"277":0,"279":0,"280":0,"281":0,"282":0,"283":0,"284":0,"285":0,"286":0,"287":0,"289":0,"290":0,"291":0,"292":0,"293":0,"294":0,"295":0,"296":0,"297":0,"299":0,"300":0,"301":0,"303":169,"304":169,"305":169,"307":169},"branchMap":{"0":{"type":"branch","line":16,"loc":{"start":{"line":16,"column":0},"end":{"line":308,"column":1}},"locations":[{"start":{"line":16,"column":0},"end":{"line":308,"column":1}}]},"1":{"type":"branch","line":150,"loc":{"start":{"line":150,"column":27},"end":{"line":151,"column":45}},"locations":[{"start":{"line":150,"column":27},"end":{"line":151,"column":45}}]},"2":{"type":"branch","line":151,"loc":{"start":{"line":151,"column":43},"end":{"line":153,"column":46}},"locations":[{"start":{"line":151,"column":43},"end":{"line":153,"column":46}}]},"3":{"type":"branch","line":164,"loc":{"start":{"line":164,"column":33},"end":{"line":164,"column":59}},"locations":[{"start":{"line":164,"column":33},"end":{"line":164,"column":59}}]},"4":{"type":"branch","line":164,"loc":{"start":{"line":164,"column":50},"end":{"line":164,"column":67}},"locations":[{"start":{"line":164,"column":50},"end":{"line":164,"column":67}}]},"5":{"type":"branch","line":168,"loc":{"start":{"line":168,"column":74},"end":{"line":168,"column":106}},"locations":[{"start":{"line":168,"column":74},"end":{"line":168,"column":106}}]},"6":{"type":"branch","line":168,"loc":{"start":{"line":168,"column":91},"end":{"line":168,"column":108}},"locations":[{"start":{"line":168,"column":91},"end":{"line":168,"column":108}}]},"7":{"type":"branch","line":173,"loc":{"start":{"line":173,"column":17},"end":{"line":213,"column":24}},"locations":[{"start":{"line":173,"column":17},"end":{"line":213,"column":24}}]},"8":{"type":"branch","line":248,"loc":{"start":{"line":248,"column":11},"end":{"line":302,"column":18}},"locations":[{"start":{"line":248,"column":11},"end":{"line":302,"column":18}}]}},"b":{"0":[169],"1":[0],"2":[0],"3":[0],"4":[0],"5":[0],"6":[0],"7":[0],"8":[0]},"fnMap":{"0":{"name":"mockSignOut","decl":{"start":{"line":11,"column":20},"end":{"line":14,"column":1}},"loc":{"start":{"line":11,"column":20},"end":{"line":14,"column":1}},"line":11},"1":{"name":"TopNav","decl":{"start":{"line":16,"column":0},"end":{"line":308,"column":1}},"loc":{"start":{"line":16,"column":0},"end":{"line":308,"column":1}},"line":16},"2":{"name":"handleNavClick","decl":{"start":{"line":24,"column":25},"end":{"line":27,"column":3}},"loc":{"start":{"line":24,"column":25},"end":{"line":27,"column":3}},"line":24},"3":{"name":"handleSignOut","decl":{"start":{"line":30,"column":24},"end":{"line":39,"column":3}},"loc":{"start":{"line":30,"column":24},"end":{"line":39,"column":3}},"line":30},"4":{"name":"toggleMobileMenu","decl":{"start":{"line":42,"column":27},"end":{"line":44,"column":3}},"loc":{"start":{"line":42,"column":27},"end":{"line":44,"column":3}},"line":42},"5":{"name":"toggleUserMenu","decl":{"start":{"line":47,"column":25},"end":{"line":49,"column":3}},"loc":{"start":{"line":47,"column":25},"end":{"line":49,"column":3}},"line":47},"6":{"name":"onClick","decl":{"start":{"line":79,"column":23},"end":{"line":79,"column":52}},"loc":{"start":{"line":79,"column":23},"end":{"line":79,"column":52}},"line":79},"7":{"name":"onClick","decl":{"start":{"line":90,"column":25},"end":{"line":90,"column":59}},"loc":{"start":{"line":90,"column":25},"end":{"line":90,"column":59}},"line":90},"8":{"name":"onClick","decl":{"start":{"line":97,"column":25},"end":{"line":97,"column":58}},"loc":{"start":{"line":97,"column":25},"end":{"line":97,"column":58}},"line":97},"9":{"name":"onClick","decl":{"start":{"line":104,"column":25},"end":{"line":104,"column":57}},"loc":{"start":{"line":104,"column":25},"end":{"line":104,"column":57}},"line":104},"10":{"name":"onClick","decl":{"start":{"line":111,"column":25},"end":{"line":111,"column":54}},"loc":{"start":{"line":111,"column":25},"end":{"line":111,"column":54}},"line":111},"11":{"name":"onClick","decl":{"start":{"line":118,"column":25},"end":{"line":118,"column":58}},"loc":{"start":{"line":118,"column":25},"end":{"line":118,"column":58}},"line":118},"12":{"name":"onClick","decl":{"start":{"line":129,"column":25},"end":{"line":131,"column":18}},"loc":{"start":{"line":129,"column":25},"end":{"line":131,"column":18}},"line":129},"13":{"name":"onClick","decl":{"start":{"line":144,"column":25},"end":{"line":147,"column":18}},"loc":{"start":{"line":144,"column":25},"end":{"line":147,"column":18}},"line":144},"14":{"name":"onClick","decl":{"start":{"line":185,"column":31},"end":{"line":188,"column":24}},"loc":{"start":{"line":185,"column":31},"end":{"line":188,"column":24}},"line":185},"15":{"name":"onClick","decl":{"start":{"line":197,"column":31},"end":{"line":200,"column":24}},"loc":{"start":{"line":197,"column":31},"end":{"line":200,"column":24}},"line":197},"16":{"name":"onClick","decl":{"start":{"line":229,"column":23},"end":{"line":229,"column":52}},"loc":{"start":{"line":229,"column":23},"end":{"line":229,"column":52}},"line":229},"17":{"name":"onClick","decl":{"start":{"line":254,"column":27},"end":{"line":257,"column":20}},"loc":{"start":{"line":254,"column":27},"end":{"line":257,"column":20}},"line":254},"18":{"name":"onClick","decl":{"start":{"line":264,"column":27},"end":{"line":267,"column":20}},"loc":{"start":{"line":264,"column":27},"end":{"line":267,"column":20}},"line":264},"19":{"name":"onClick","decl":{"start":{"line":274,"column":27},"end":{"line":277,"column":20}},"loc":{"start":{"line":274,"column":27},"end":{"line":277,"column":20}},"line":274},"20":{"name":"onClick","decl":{"start":{"line":284,"column":27},"end":{"line":287,"column":20}},"loc":{"start":{"line":284,"column":27},"end":{"line":287,"column":20}},"line":284},"21":{"name":"onClick","decl":{"start":{"line":294,"column":27},"end":{"line":297,"column":20}},"loc":{"start":{"line":294,"column":27},"end":{"line":297,"column":20}},"line":294}},"f":{"0":0,"1":169,"2":0,"3":0,"4":0,"5":0,"6":0,"7":0,"8":0,"9":0,"10":0,"11":0,"12":0,"13":0,"14":0,"15":0,"16":0,"17":0,"18":0,"19":0,"20":0,"21":0}},"/Users/innovars_lab/Desktop/quotefast-dashboard/lib/logger.ts":{"path":"/Users/innovars_lab/Desktop/quotefast-dashboard/lib/logger.ts","all":false,"statementMap":{"15":{"start":{"line":16,"column":0},"end":{"line":16,"column":14}},"16":{"start":{"line":17,"column":0},"end":{"line":17,"column":65}},"18":{"start":{"line":19,"column":0},"end":{"line":19,"column":99}},"19":{"start":{"line":20,"column":0},"end":{"line":20,"column":12}},"20":{"start":{"line":21,"column":0},"end":{"line":21,"column":12}},"21":{"start":{"line":22,"column":0},"end":{"line":22,"column":14}},"22":{"start":{"line":23,"column":0},"end":{"line":23,"column":42}},"23":{"start":{"line":24,"column":0},"end":{"line":24,"column":14}},"24":{"start":{"line":25,"column":0},"end":{"line":25,"column":11}},"25":{"start":{"line":26,"column":0},"end":{"line":26,"column":6}},"26":{"start":{"line":27,"column":0},"end":{"line":27,"column":3}},"28":{"start":{"line":29,"column":0},"end":{"line":29,"column":85}},"29":{"start":{"line":30,"column":0},"end":{"line":30,"column":71}},"32":{"start":{"line":33,"column":0},"end":{"line":33,"column":29}},"33":{"start":{"line":34,"column":0},"end":{"line":34,"column":70}},"34":{"start":{"line":35,"column":0},"end":{"line":35,"column":56}},"36":{"start":{"line":37,"column":0},"end":{"line":37,"column":22}},"37":{"start":{"line":38,"column":0},"end":{"line":38,"column":21}},"39":{"start":{"line":40,"column":0},"end":{"line":40,"column":74}},"41":{"start":{"line":42,"column":0},"end":{"line":42,"column":16}},"42":{"start":{"line":43,"column":0},"end":{"line":43,"column":20}},"44":{"start":{"line":45,"column":0},"end":{"line":45,"column":73}},"46":{"start":{"line":47,"column":0},"end":{"line":47,"column":16}},"47":{"start":{"line":48,"column":0},"end":{"line":48,"column":21}},"49":{"start":{"line":50,"column":0},"end":{"line":50,"column":35}},"51":{"start":{"line":52,"column":0},"end":{"line":52,"column":76}},"53":{"start":{"line":54,"column":0},"end":{"line":54,"column":11}},"54":{"start":{"line":55,"column":0},"end":{"line":55,"column":16}},"55":{"start":{"line":56,"column":0},"end":{"line":56,"column":16}},"57":{"start":{"line":58,"column":0},"end":{"line":58,"column":35}},"59":{"start":{"line":60,"column":0},"end":{"line":60,"column":74}},"61":{"start":{"line":62,"column":0},"end":{"line":62,"column":11}},"62":{"start":{"line":63,"column":0},"end":{"line":63,"column":7}},"63":{"start":{"line":64,"column":0},"end":{"line":64,"column":5}},"67":{"start":{"line":68,"column":0},"end":{"line":68,"column":36}},"68":{"start":{"line":69,"column":0},"end":{"line":69,"column":3}},"70":{"start":{"line":71,"column":0},"end":{"line":71,"column":54}},"73":{"start":{"line":74,"column":0},"end":{"line":74,"column":30}},"76":{"start":{"line":77,"column":0},"end":{"line":77,"column":5}},"77":{"start":{"line":78,"column":0},"end":{"line":78,"column":3}},"79":{"start":{"line":80,"column":0},"end":{"line":80,"column":61}},"80":{"start":{"line":81,"column":0},"end":{"line":81,"column":45}},"81":{"start":{"line":82,"column":0},"end":{"line":82,"column":3}},"83":{"start":{"line":84,"column":0},"end":{"line":84,"column":61}},"84":{"start":{"line":85,"column":0},"end":{"line":85,"column":45}},"85":{"start":{"line":86,"column":0},"end":{"line":86,"column":3}},"87":{"start":{"line":88,"column":0},"end":{"line":88,"column":62}},"88":{"start":{"line":89,"column":0},"end":{"line":89,"column":46}},"89":{"start":{"line":90,"column":0},"end":{"line":90,"column":3}},"91":{"start":{"line":92,"column":0},"end":{"line":92,"column":62}},"92":{"start":{"line":93,"column":0},"end":{"line":93,"column":46}},"93":{"start":{"line":94,"column":0},"end":{"line":94,"column":3}},"94":{"start":{"line":95,"column":0},"end":{"line":95,"column":1}},"97":{"start":{"line":98,"column":0},"end":{"line":98,"column":35}}},"s":{"15":1,"16":1,"18":1,"19":0,"20":0,"21":0,"22":0,"23":0,"24":0,"25":0,"26":0,"28":1,"29":0,"32":0,"33":0,"34":0,"36":0,"37":0,"39":0,"41":0,"42":0,"44":0,"46":0,"47":0,"49":0,"51":0,"53":0,"54":0,"55":0,"57":0,"59":0,"61":0,"62":0,"63":0,"67":0,"68":0,"70":1,"73":0,"76":0,"77":0,"79":1,"80":0,"81":0,"83":1,"84":0,"85":0,"87":1,"88":0,"89":0,"91":1,"92":0,"93":0,"94":1,"97":1},"branchMap":{"0":{"type":"branch","line":16,"loc":{"start":{"line":16,"column":0},"end":{"line":17,"column":65}},"locations":[{"start":{"line":16,"column":0},"end":{"line":17,"column":65}}]}},"b":{"0":[1]},"fnMap":{"0":{"name":"Logger","decl":{"start":{"line":16,"column":0},"end":{"line":17,"column":65}},"loc":{"start":{"line":16,"column":0},"end":{"line":17,"column":65}},"line":16},"1":{"name":"formatMessage","decl":{"start":{"line":19,"column":10},"end":{"line":27,"column":3}},"loc":{"start":{"line":19,"column":10},"end":{"line":27,"column":3}},"line":19},"2":{"name":"log","decl":{"start":{"line":29,"column":10},"end":{"line":69,"column":3}},"loc":{"start":{"line":29,"column":10},"end":{"line":69,"column":3}},"line":29},"3":{"name":"sendToLogService","decl":{"start":{"line":71,"column":10},"end":{"line":78,"column":3}},"loc":{"start":{"line":71,"column":10},"end":{"line":78,"column":3}},"line":71},"4":{"name":"info","decl":{"start":{"line":80,"column":2},"end":{"line":82,"column":3}},"loc":{"start":{"line":80,"column":2},"end":{"line":82,"column":3}},"line":80},"5":{"name":"warn","decl":{"start":{"line":84,"column":2},"end":{"line":86,"column":3}},"loc":{"start":{"line":84,"column":2},"end":{"line":86,"column":3}},"line":84},"6":{"name":"error","decl":{"start":{"line":88,"column":2},"end":{"line":90,"column":3}},"loc":{"start":{"line":88,"column":2},"end":{"line":90,"column":3}},"line":88},"7":{"name":"debug","decl":{"start":{"line":92,"column":2},"end":{"line":94,"column":3}},"loc":{"start":{"line":92,"column":2},"end":{"line":94,"column":3}},"line":92}},"f":{"0":1,"1":0,"2":0,"3":0,"4":0,"5":0,"6":0,"7":0}}}}